<?xml version="1.0" encoding="UTF-8"?>
<testsuite xmlns:xsi="http://www.w3.org/2001/XMLSchema-instance" xsi:noNamespaceSchemaLocation="https://maven.apache.org/surefire/maven-surefire-plugin/xsd/surefire-test-report-3.0.xsd" version="3.0" name="com.example.demo.DemoApplicationTests" time="4.565" tests="1" errors="0" skipped="0" failures="0">
  <properties>
[...]
</properties>
  <testcase name="contextLoads" classname="com.example.demo.DemoApplicationTests" time="0.344">
    <system-out><![CDATA[00:31:50.580 [main] INFO org.springframework.test.context.support.AnnotationConfigContextLoaderUtils -- Could not detect default configuration classes for test class [com.example.demo.DemoApplicationTests]: DemoApplicationTests does not declare any static, non-private, non-final, nested classes annotated with @Configuration.
00:31:50.645 [main] INFO org.springframework.boot.test.context.SpringBootTestContextBootstrapper -- Found @SpringBootConfiguration com.example.demo.DemoApplication for test class com.example.demo.DemoApplicationTests

  .   ____          _            __ _ _
 /\\ / ___'_ __ _ _(_)_ __  __ _ \ \ \ \
( ( )\___ | '_ | '_| | '_ \/ _` | \ \ \ \
 \\/  ___)| |_)| | | | | || (_| |  ) ) ) )
  '  |____| .__|_| |_|_| |_\__, | / / / /
 =========|_|==============|___/=/_/_/_/
 :: Spring Boot ::                (v3.1.4)

2023-09-26T00:31:50.990-05:00  INFO 33180 --- [           main] com.example.demo.DemoApplicationTests    : Starting DemoApplicationTests using Java 17.0.8.1 with PID 33180 (started by cgn_n in C:\Users\cgn_n\Downloads\citasMedicas3\demo)
2023-09-26T00:31:50.990-05:00 DEBUG 33180 --- [           main] com.example.demo.DemoApplicationTests    : Running with Spring Boot v3.1.4, Spring v6.0.12
2023-09-26T00:31:50.991-05:00  INFO 33180 --- [           main] com.example.demo.DemoApplicationTests    : No active profile set, falling back to 1 default profile: "default"
2023-09-26T00:31:50.991-05:00 DEBUG 33180 --- [           main] o.s.boot.SpringApplication               : Loading source class com.example.demo.DemoApplication
2023-09-26T00:31:51.015-05:00 DEBUG 33180 --- [           main] o.s.w.c.s.GenericWebApplicationContext   : Refreshing org.springframework.web.context.support.GenericWebApplicationContext@56b78e55
2023-09-26T00:31:51.035-05:00 DEBUG 33180 --- [           main] o.s.b.f.s.DefaultListableBeanFactory     : Creating shared instance of singleton bean 'org.springframework.context.annotation.internalConfigurationAnnotationProcessor'
2023-09-26T00:31:51.049-05:00 DEBUG 33180 --- [           main] o.s.b.f.s.DefaultListableBeanFactory     : Creating shared instance of singleton bean 'org.springframework.boot.autoconfigure.internalCachingMetadataReaderFactory'
2023-09-26T00:31:51.087-05:00 DEBUG 33180 --- [           main] o.s.c.a.ClassPathBeanDefinitionScanner   : Identified candidate component class: file [C:\Users\cgn_n\Downloads\citasMedicas3\demo\target\classes\com\example\demo\controller\CitasController.class]
2023-09-26T00:31:51.466-05:00  INFO 33180 --- [           main] .s.d.r.c.RepositoryConfigurationDelegate : Bootstrapping Spring Data JPA repositories in DEFAULT mode.
2023-09-26T00:31:51.471-05:00 DEBUG 33180 --- [           main] o.s.b.f.s.DefaultListableBeanFactory     : Creating shared instance of singleton bean 'org.springframework.boot.autoconfigure.AutoConfigurationPackages'
2023-09-26T00:31:51.476-05:00 DEBUG 33180 --- [           main] o.s.b.a.AutoConfigurationPackages        : @EnableAutoConfiguration was declared on a class in the package 'com.example.demo'. Automatic @Repository and @Entity scanning is enabled.
2023-09-26T00:31:51.477-05:00 DEBUG 33180 --- [           main] .s.d.r.c.RepositoryConfigurationDelegate : Scanning for JPA repositories in packages com.example.demo.
2023-09-26T00:31:51.484-05:00 DEBUG 33180 --- [           main] o.s.d.r.c.RepositoryComponentProvider    : Identified candidate component class: file [C:\Users\cgn_n\Downloads\citasMedicas3\demo\target\classes\com\example\demo\repository\CitasRepositorio.class]
2023-09-26T00:31:51.506-05:00  INFO 33180 --- [           main] .s.d.r.c.RepositoryConfigurationDelegate : Finished Spring Data repository scanning in 28 ms. Found 1 JPA repository interfaces.
2023-09-26T00:31:51.683-05:00 DEBUG 33180 --- [           main] o.s.b.f.s.DefaultListableBeanFactory     : Creating shared instance of singleton bean 'propertySourcesPlaceholderConfigurer'
2023-09-26T00:31:51.686-05:00 DEBUG 33180 --- [           main] o.s.b.f.s.DefaultListableBeanFactory     : Creating shared instance of singleton bean 'org.springframework.boot.test.mock.mockito.MockitoPostProcessor'
2023-09-26T00:31:51.687-05:00 DEBUG 33180 --- [           main] o.s.b.f.s.DefaultListableBeanFactory     : Creating shared instance of singleton bean 'emBeanDefinitionRegistrarPostProcessor'
2023-09-26T00:31:51.687-05:00 DEBUG 33180 --- [           main] o.s.b.f.s.DefaultListableBeanFactory     : Creating shared instance of singleton bean 'org.springframework.boot.sql.init.dependency.DatabaseInitializationDependencyConfigurer$DependsOnDatabaseInitializationPostProcessor'
2023-09-26T00:31:51.722-05:00 DEBUG 33180 --- [           main] o.s.b.f.s.DefaultListableBeanFactory     : Creating shared instance of singleton bean 'org.springframework.context.event.internalEventListenerProcessor'
2023-09-26T00:31:51.723-05:00 DEBUG 33180 --- [           main] o.s.b.f.s.DefaultListableBeanFactory     : Creating shared instance of singleton bean 'preserveErrorControllerTargetClassPostProcessor'
2023-09-26T00:31:51.724-05:00 DEBUG 33180 --- [           main] o.s.b.f.s.DefaultListableBeanFactory     : Creating shared instance of singleton bean 'org.springframework.context.event.internalEventListenerFactory'
2023-09-26T00:31:51.724-05:00 DEBUG 33180 --- [           main] o.s.b.f.s.DefaultListableBeanFactory     : Creating shared instance of singleton bean 'org.springframework.transaction.config.internalTransactionalEventListenerFactory'
2023-09-26T00:31:51.727-05:00 DEBUG 33180 --- [           main] o.s.b.f.s.DefaultListableBeanFactory     : Creating shared instance of singleton bean 'org.springframework.boot.test.mock.mockito.MockitoPostProcessor$SpyPostProcessor'
2023-09-26T00:31:51.728-05:00 DEBUG 33180 --- [           main] o.s.b.f.s.DefaultListableBeanFactory     : Creating shared instance of singleton bean 'org.springframework.context.annotation.internalAutowiredAnnotationProcessor'
2023-09-26T00:31:51.729-05:00 DEBUG 33180 --- [           main] o.s.b.f.s.DefaultListableBeanFactory     : Creating shared instance of singleton bean 'org.springframework.context.annotation.internalCommonAnnotationProcessor'
2023-09-26T00:31:51.732-05:00 DEBUG 33180 --- [           main] o.s.b.f.s.DefaultListableBeanFactory     : Creating shared instance of singleton bean 'org.springframework.context.annotation.internalPersistenceAnnotationProcessor'
2023-09-26T00:31:51.732-05:00 DEBUG 33180 --- [           main] o.s.b.f.s.DefaultListableBeanFactory     : Creating shared instance of singleton bean 'org.springframework.boot.context.properties.ConfigurationPropertiesBindingPostProcessor'
2023-09-26T00:31:51.732-05:00 DEBUG 33180 --- [           main] o.s.b.f.s.DefaultListableBeanFactory     : Creating shared instance of singleton bean 'org.springframework.boot.context.internalConfigurationPropertiesBinder'
2023-09-26T00:31:51.734-05:00 DEBUG 33180 --- [           main] o.s.b.f.s.DefaultListableBeanFactory     : Creating shared instance of singleton bean 'jdbcConnectionDetailsHikariBeanPostProcessor'
2023-09-26T00:31:51.737-05:00 DEBUG 33180 --- [           main] o.s.b.f.s.DefaultListableBeanFactory     : Creating shared instance of singleton bean 'org.springframework.aop.config.internalAutoProxyCreator'
2023-09-26T00:31:51.753-05:00 DEBUG 33180 --- [           main] o.s.b.f.s.DefaultListableBeanFactory     : Creating shared instance of singleton bean 'persistenceExceptionTranslationPostProcessor'
2023-09-26T00:31:51.761-05:00 DEBUG 33180 --- [           main] o.s.b.f.s.DefaultListableBeanFactory     : Autowiring by type from bean name 'persistenceExceptionTranslationPostProcessor' via factory method to bean named 'environment'
2023-09-26T00:31:51.764-05:00 DEBUG 33180 --- [           main] o.s.b.f.s.DefaultListableBeanFactory     : Creating shared instance of singleton bean 'webServerFactoryCustomizerBeanPostProcessor'
2023-09-26T00:31:51.765-05:00 DEBUG 33180 --- [           main] o.s.b.f.s.DefaultListableBeanFactory     : Creating shared instance of singleton bean 'errorPageRegistrarBeanPostProcessor'
2023-09-26T00:31:51.765-05:00 DEBUG 33180 --- [           main] o.s.b.f.s.DefaultListableBeanFactory     : Creating shared instance of singleton bean 'hypermediaRepresentionModelProcessorConfigurator'
2023-09-26T00:31:51.766-05:00 DEBUG 33180 --- [           main] o.s.b.f.s.DefaultListableBeanFactory     : Creating shared instance of singleton bean 'org.springframework.transaction.config.internalTransactionAdvisor'
2023-09-26T00:31:51.766-05:00 DEBUG 33180 --- [           main] o.s.b.f.s.DefaultListableBeanFactory     : Creating shared instance of singleton bean 'org.springframework.transaction.annotation.ProxyTransactionManagementConfiguration'
2023-09-26T00:31:51.774-05:00 DEBUG 33180 --- [           main] o.s.b.f.s.DefaultListableBeanFactory     : Creating shared instance of singleton bean 'transactionAttributeSource'
2023-09-26T00:31:51.775-05:00 DEBUG 33180 --- [           main] o.s.b.f.s.DefaultListableBeanFactory     : Creating shared instance of singleton bean 'transactionInterceptor'
2023-09-26T00:31:51.775-05:00 DEBUG 33180 --- [           main] o.s.b.f.s.DefaultListableBeanFactory     : Autowiring by type from bean name 'transactionInterceptor' via factory method to bean named 'transactionAttributeSource'
2023-09-26T00:31:51.779-05:00 DEBUG 33180 --- [           main] o.s.b.f.s.DefaultListableBeanFactory     : Autowiring by type from bean name 'org.springframework.transaction.config.internalTransactionAdvisor' via factory method to bean named 'transactionAttributeSource'
2023-09-26T00:31:51.779-05:00 DEBUG 33180 --- [           main] o.s.b.f.s.DefaultListableBeanFactory     : Autowiring by type from bean name 'org.springframework.transaction.config.internalTransactionAdvisor' via factory method to bean named 'transactionInterceptor'
2023-09-26T00:31:51.783-05:00 DEBUG 33180 --- [           main] o.s.b.f.s.DefaultListableBeanFactory     : Creating shared instance of singleton bean 'hypermediaRestTemplateBeanPostProcessor'
2023-09-26T00:31:51.784-05:00 DEBUG 33180 --- [           main] o.s.b.f.s.DefaultListableBeanFactory     : Creating shared instance of singleton bean 'projectionDefinitionRegistrar'
2023-09-26T00:31:51.785-05:00 DEBUG 33180 --- [           main] o.s.b.f.s.DefaultListableBeanFactory     : Creating shared instance of singleton bean 'annotatedEventHandlerInvoker'
2023-09-26T00:31:51.788-05:00 DEBUG 33180 --- [           main] o.s.u.c.s.UiApplicationContextUtils      : Unable to locate ThemeSource with name 'themeSource': using default [org.springframework.ui.context.support.ResourceBundleThemeSource@2eed37f4]
2023-09-26T00:31:51.789-05:00 DEBUG 33180 --- [           main] o.s.b.f.s.DefaultListableBeanFactory     : Creating shared instance of singleton bean 'dataSourceScriptDatabaseInitializer'
2023-09-26T00:31:51.790-05:00 DEBUG 33180 --- [           main] o.s.b.f.s.DefaultListableBeanFactory     : Creating shared instance of singleton bean 'org.springframework.boot.autoconfigure.sql.init.DataSourceInitializationConfiguration'
2023-09-26T00:31:51.793-05:00 DEBUG 33180 --- [           main] o.s.b.f.s.DefaultListableBeanFactory     : Creating shared instance of singleton bean 'dataSource'
2023-09-26T00:31:51.793-05:00 DEBUG 33180 --- [           main] o.s.b.f.s.DefaultListableBeanFactory     : Creating shared instance of singleton bean 'org.springframework.boot.autoconfigure.jdbc.DataSourceConfiguration$Hikari'
2023-09-26T00:31:51.794-05:00 DEBUG 33180 --- [           main] o.s.b.f.s.DefaultListableBeanFactory     : Creating shared instance of singleton bean 'spring.datasource-org.springframework.boot.autoconfigure.jdbc.DataSourceProperties'
2023-09-26T00:31:51.796-05:00 DEBUG 33180 --- [           main] o.s.b.f.s.DefaultListableBeanFactory     : Creating shared instance of singleton bean 'org.springframework.boot.context.properties.BoundConfigurationProperties'
2023-09-26T00:31:51.813-05:00 DEBUG 33180 --- [           main] o.s.b.f.s.DefaultListableBeanFactory     : Creating shared instance of singleton bean 'jdbcConnectionDetails'
2023-09-26T00:31:51.813-05:00 DEBUG 33180 --- [           main] o.s.b.f.s.DefaultListableBeanFactory     : Creating shared instance of singleton bean 'org.springframework.boot.autoconfigure.jdbc.DataSourceAutoConfiguration$PooledDataSourceConfiguration'
2023-09-26T00:31:51.814-05:00 DEBUG 33180 --- [           main] o.s.b.f.s.DefaultListableBeanFactory     : Autowiring by type from bean name 'jdbcConnectionDetails' via factory method to bean named 'spring.datasource-org.springframework.boot.autoconfigure.jdbc.DataSourceProperties'
2023-09-26T00:31:51.815-05:00 DEBUG 33180 --- [           main] o.s.b.f.s.DefaultListableBeanFactory     : Autowiring by type from bean name 'dataSource' via factory method to bean named 'spring.datasource-org.springframework.boot.autoconfigure.jdbc.DataSourceProperties'
2023-09-26T00:31:51.815-05:00 DEBUG 33180 --- [           main] o.s.b.f.s.DefaultListableBeanFactory     : Autowiring by type from bean name 'dataSource' via factory method to bean named 'jdbcConnectionDetails'
2023-09-26T00:31:51.817-05:00 DEBUG 33180 --- [           main] com.zaxxer.hikari.HikariConfig           : Driver class org.h2.Driver found in Thread context class loader jdk.internal.loader.ClassLoaders$AppClassLoader@73d16e93
2023-09-26T00:31:51.829-05:00 DEBUG 33180 --- [           main] o.s.b.f.s.DefaultListableBeanFactory     : Creating shared instance of singleton bean 'spring.sql.init-org.springframework.boot.autoconfigure.sql.init.SqlInitializationProperties'
2023-09-26T00:31:51.831-05:00 DEBUG 33180 --- [           main] o.s.b.f.s.DefaultListableBeanFactory     : Autowiring by type from bean name 'dataSourceScriptDatabaseInitializer' via factory method to bean named 'dataSource'
2023-09-26T00:31:51.831-05:00 DEBUG 33180 --- [           main] o.s.b.f.s.DefaultListableBeanFactory     : Autowiring by type from bean name 'dataSourceScriptDatabaseInitializer' via factory method to bean named 'spring.sql.init-org.springframework.boot.autoconfigure.sql.init.SqlInitializationProperties'
2023-09-26T00:31:51.840-05:00 DEBUG 33180 --- [           main] o.s.b.f.s.DefaultListableBeanFactory     : Creating shared instance of singleton bean 'entityManagerFactory'
2023-09-26T00:31:51.840-05:00 DEBUG 33180 --- [           main] o.s.b.f.s.DefaultListableBeanFactory     : Creating shared instance of singleton bean 'org.springframework.boot.autoconfigure.orm.jpa.HibernateJpaConfiguration'
2023-09-26T00:31:51.841-05:00 DEBUG 33180 --- [           main] o.s.b.f.s.DefaultListableBeanFactory     : Creating shared instance of singleton bean 'spring.jpa-org.springframework.boot.autoconfigure.orm.jpa.JpaProperties'
2023-09-26T00:31:51.844-05:00 DEBUG 33180 --- [           main] o.s.b.f.s.DefaultListableBeanFactory     : Creating shared instance of singleton bean 'spring.jpa.hibernate-org.springframework.boot.autoconfigure.orm.jpa.HibernateProperties'
2023-09-26T00:31:51.845-05:00 DEBUG 33180 --- [           main] o.s.b.f.s.DefaultListableBeanFactory     : Autowiring by type from bean name 'org.springframework.boot.autoconfigure.orm.jpa.HibernateJpaConfiguration' via constructor to bean named 'dataSource'
2023-09-26T00:31:51.845-05:00 DEBUG 33180 --- [           main] o.s.b.f.s.DefaultListableBeanFactory     : Autowiring by type from bean name 'org.springframework.boot.autoconfigure.orm.jpa.HibernateJpaConfiguration' via constructor to bean named 'spring.jpa-org.springframework.boot.autoconfigure.orm.jpa.JpaProperties'
2023-09-26T00:31:51.845-05:00 DEBUG 33180 --- [           main] o.s.b.f.s.DefaultListableBeanFactory     : Autowiring by type from bean name 'org.springframework.boot.autoconfigure.orm.jpa.HibernateJpaConfiguration' via constructor to bean named 'org.springframework.beans.factory.support.DefaultListableBeanFactory@4fbb001b'
2023-09-26T00:31:51.845-05:00 DEBUG 33180 --- [           main] o.s.b.f.s.DefaultListableBeanFactory     : Autowiring by type from bean name 'org.springframework.boot.autoconfigure.orm.jpa.HibernateJpaConfiguration' via constructor to bean named 'spring.jpa.hibernate-org.springframework.boot.autoconfigure.orm.jpa.HibernateProperties'
2023-09-26T00:31:51.847-05:00 DEBUG 33180 --- [           main] o.s.b.f.s.DefaultListableBeanFactory     : Creating shared instance of singleton bean 'hikariPoolDataSourceMetadataProvider'
2023-09-26T00:31:51.847-05:00 DEBUG 33180 --- [           main] o.s.b.f.s.DefaultListableBeanFactory     : Creating shared instance of singleton bean 'org.springframework.boot.autoconfigure.jdbc.metadata.DataSourcePoolMetadataProvidersConfiguration$HikariPoolDataSourceMetadataProviderConfiguration'
2023-09-26T00:31:51.855-05:00 DEBUG 33180 --- [           main] o.s.b.f.s.DefaultListableBeanFactory     : Creating shared instance of singleton bean 'entityManagerFactoryBuilder'
2023-09-26T00:31:51.856-05:00 DEBUG 33180 --- [           main] o.s.b.f.s.DefaultListableBeanFactory     : Creating shared instance of singleton bean 'jpaVendorAdapter'
2023-09-26T00:31:51.876-05:00 DEBUG 33180 --- [           main] org.jboss.logging                        : Logging Provider: org.jboss.logging.Slf4jLoggerProvider found via system property
2023-09-26T00:31:51.883-05:00 DEBUG 33180 --- [           main] o.s.b.f.s.DefaultListableBeanFactory     : Autowiring by type from bean name 'entityManagerFactoryBuilder' via factory method to bean named 'jpaVendorAdapter'
2023-09-26T00:31:51.887-05:00 DEBUG 33180 --- [           main] o.s.b.f.s.DefaultListableBeanFactory     : Creating shared instance of singleton bean 'persistenceManagedTypes'
2023-09-26T00:31:51.887-05:00 DEBUG 33180 --- [           main] o.s.b.f.s.DefaultListableBeanFactory     : Autowiring by type from bean name 'persistenceManagedTypes' via factory method to bean named 'org.springframework.beans.factory.support.DefaultListableBeanFactory@4fbb001b'
2023-09-26T00:31:51.887-05:00 DEBUG 33180 --- [           main] o.s.b.f.s.DefaultListableBeanFactory     : Autowiring by type from bean name 'persistenceManagedTypes' via factory method to bean named 'org.springframework.web.context.support.GenericWebApplicationContext@56b78e55'
2023-09-26T00:31:51.896-05:00 DEBUG 33180 --- [           main] o.s.b.f.s.DefaultListableBeanFactory     : Autowiring by type from bean name 'entityManagerFactory' via factory method to bean named 'entityManagerFactoryBuilder'
2023-09-26T00:31:51.897-05:00 DEBUG 33180 --- [           main] o.s.b.f.s.DefaultListableBeanFactory     : Autowiring by type from bean name 'entityManagerFactory' via factory method to bean named 'persistenceManagedTypes'
2023-09-26T00:31:51.913-05:00 DEBUG 33180 --- [           main] o.s.jdbc.datasource.DataSourceUtils      : Fetching JDBC Connection from DataSource
2023-09-26T00:31:51.915-05:00 DEBUG 33180 --- [           main] com.zaxxer.hikari.HikariConfig           : HikariPool-1 - configuration:
2023-09-26T00:31:51.922-05:00 DEBUG 33180 --- [           main] com.zaxxer.hikari.HikariConfig           : allowPoolSuspension.............false
2023-09-26T00:31:51.923-05:00 DEBUG 33180 --- [           main] com.zaxxer.hikari.HikariConfig           : autoCommit......................true
2023-09-26T00:31:51.923-05:00 DEBUG 33180 --- [           main] com.zaxxer.hikari.HikariConfig           : catalog.........................none
2023-09-26T00:31:51.923-05:00 DEBUG 33180 --- [           main] com.zaxxer.hikari.HikariConfig           : connectionInitSql...............none
2023-09-26T00:31:51.923-05:00 DEBUG 33180 --- [           main] com.zaxxer.hikari.HikariConfig           : connectionTestQuery.............none
2023-09-26T00:31:51.923-05:00 DEBUG 33180 --- [           main] com.zaxxer.hikari.HikariConfig           : connectionTimeout...............30000
2023-09-26T00:31:51.923-05:00 DEBUG 33180 --- [           main] com.zaxxer.hikari.HikariConfig           : dataSource......................none
2023-09-26T00:31:51.923-05:00 DEBUG 33180 --- [           main] com.zaxxer.hikari.HikariConfig           : dataSourceClassName.............none
2023-09-26T00:31:51.923-05:00 DEBUG 33180 --- [           main] com.zaxxer.hikari.HikariConfig           : dataSourceJNDI..................none
2023-09-26T00:31:51.924-05:00 DEBUG 33180 --- [           main] com.zaxxer.hikari.HikariConfig           : dataSourceProperties............{password=<masked>}
2023-09-26T00:31:51.925-05:00 DEBUG 33180 --- [           main] com.zaxxer.hikari.HikariConfig           : driverClassName................."org.h2.Driver"
2023-09-26T00:31:51.925-05:00 DEBUG 33180 --- [           main] com.zaxxer.hikari.HikariConfig           : exceptionOverrideClassName......none
2023-09-26T00:31:51.925-05:00 DEBUG 33180 --- [           main] com.zaxxer.hikari.HikariConfig           : healthCheckProperties...........{}
2023-09-26T00:31:51.925-05:00 DEBUG 33180 --- [           main] com.zaxxer.hikari.HikariConfig           : healthCheckRegistry.............none
2023-09-26T00:31:51.925-05:00 DEBUG 33180 --- [           main] com.zaxxer.hikari.HikariConfig           : idleTimeout.....................600000
2023-09-26T00:31:51.925-05:00 DEBUG 33180 --- [           main] com.zaxxer.hikari.HikariConfig           : initializationFailTimeout.......1
2023-09-26T00:31:51.925-05:00 DEBUG 33180 --- [           main] com.zaxxer.hikari.HikariConfig           : isolateInternalQueries..........false
2023-09-26T00:31:51.925-05:00 DEBUG 33180 --- [           main] com.zaxxer.hikari.HikariConfig           : jdbcUrl.........................jdbc:h2:mem:testdb
2023-09-26T00:31:51.925-05:00 DEBUG 33180 --- [           main] com.zaxxer.hikari.HikariConfig           : keepaliveTime...................0
2023-09-26T00:31:51.926-05:00 DEBUG 33180 --- [           main] com.zaxxer.hikari.HikariConfig           : leakDetectionThreshold..........0
2023-09-26T00:31:51.926-05:00 DEBUG 33180 --- [           main] com.zaxxer.hikari.HikariConfig           : maxLifetime.....................1800000
2023-09-26T00:31:51.926-05:00 DEBUG 33180 --- [           main] com.zaxxer.hikari.HikariConfig           : maximumPoolSize.................10
2023-09-26T00:31:51.926-05:00 DEBUG 33180 --- [           main] com.zaxxer.hikari.HikariConfig           : metricRegistry..................none
2023-09-26T00:31:51.926-05:00 DEBUG 33180 --- [           main] com.zaxxer.hikari.HikariConfig           : metricsTrackerFactory...........none
2023-09-26T00:31:51.926-05:00 DEBUG 33180 --- [           main] com.zaxxer.hikari.HikariConfig           : minimumIdle.....................10
2023-09-26T00:31:51.926-05:00 DEBUG 33180 --- [           main] com.zaxxer.hikari.HikariConfig           : password........................<masked>
2023-09-26T00:31:51.926-05:00 DEBUG 33180 --- [           main] com.zaxxer.hikari.HikariConfig           : poolName........................"HikariPool-1"
2023-09-26T00:31:51.926-05:00 DEBUG 33180 --- [           main] com.zaxxer.hikari.HikariConfig           : readOnly........................false
2023-09-26T00:31:51.927-05:00 DEBUG 33180 --- [           main] com.zaxxer.hikari.HikariConfig           : registerMbeans..................false
2023-09-26T00:31:51.927-05:00 DEBUG 33180 --- [           main] com.zaxxer.hikari.HikariConfig           : scheduledExecutor...............none
2023-09-26T00:31:51.927-05:00 DEBUG 33180 --- [           main] com.zaxxer.hikari.HikariConfig           : schema..........................none
2023-09-26T00:31:51.927-05:00 DEBUG 33180 --- [           main] com.zaxxer.hikari.HikariConfig           : threadFactory...................internal
2023-09-26T00:31:51.927-05:00 DEBUG 33180 --- [           main] com.zaxxer.hikari.HikariConfig           : transactionIsolation............default
2023-09-26T00:31:51.927-05:00 DEBUG 33180 --- [           main] com.zaxxer.hikari.HikariConfig           : username........................"sa"
2023-09-26T00:31:51.927-05:00 DEBUG 33180 --- [           main] com.zaxxer.hikari.HikariConfig           : validationTimeout...............5000
2023-09-26T00:31:51.927-05:00  INFO 33180 --- [           main] com.zaxxer.hikari.HikariDataSource       : HikariPool-1 - Starting...
2023-09-26T00:31:52.067-05:00  INFO 33180 --- [           main] com.zaxxer.hikari.pool.HikariPool        : HikariPool-1 - Added connection conn0: url=jdbc:h2:mem:testdb user=SA
2023-09-26T00:31:52.068-05:00  INFO 33180 --- [           main] com.zaxxer.hikari.HikariDataSource       : HikariPool-1 - Start completed.
2023-09-26T00:31:52.107-05:00 DEBUG 33180 --- [           main] j.LocalContainerEntityManagerFactoryBean : Building JPA container EntityManagerFactory for persistence unit 'default'
2023-09-26T00:31:52.130-05:00 DEBUG 33180 --- [           main] o.hibernate.jpa.internal.util.LogHelper  : PersistenceUnitInfo [
	name: default
	persistence provider classname: null
	classloader: jdk.internal.loader.ClassLoaders$AppClassLoader@73d16e93
	excludeUnlistedClasses: true
	JTA datasource: null
	Non JTA datasource: HikariDataSource (HikariPool-1)
	Transaction type: RESOURCE_LOCAL
	PU root URL: file:/C:/Users/cgn_n/Downloads/citasMedicas3/demo/target/test-classes/
	Shared Cache Mode: UNSPECIFIED
	Validation Mode: AUTO
	Jar files URLs []
	Managed classes names [
		com.example.demo.model.Citas]
	Mapping files names []
	Properties []
2023-09-26T00:31:52.140-05:00 DEBUG 33180 --- [           main] o.h.i.internal.IntegratorServiceImpl     : Adding Integrator [org.hibernate.boot.beanvalidation.BeanValidationIntegrator].
2023-09-26T00:31:52.141-05:00 DEBUG 33180 --- [           main] o.h.i.internal.IntegratorServiceImpl     : Adding Integrator [org.hibernate.cache.internal.CollectionCacheInvalidator].
2023-09-26T00:31:52.180-05:00 DEBUG 33180 --- [l-1 housekeeper] com.zaxxer.hikari.pool.HikariPool        : HikariPool-1 - Pool stats (total=1, active=0, idle=1, waiting=0)
2023-09-26T00:31:52.181-05:00 DEBUG 33180 --- [onnection adder] com.zaxxer.hikari.pool.HikariPool        : HikariPool-1 - Added connection conn1: url=jdbc:h2:mem:testdb user=SA
2023-09-26T00:31:52.196-05:00 DEBUG 33180 --- [onnection adder] com.zaxxer.hikari.pool.HikariPool        : HikariPool-1 - Added connection conn2: url=jdbc:h2:mem:testdb user=SA
2023-09-26T00:31:52.199-05:00  INFO 33180 --- [           main] org.hibernate.Version                    : HHH000412: Hibernate ORM core version 6.2.9.Final
2023-09-26T00:31:52.201-05:00 DEBUG 33180 --- [           main] org.hibernate.cfg.Environment            : HHH000206: hibernate.properties not found
2023-09-26T00:31:52.204-05:00  INFO 33180 --- [           main] org.hibernate.cfg.Environment            : HHH000406: Using bytecode reflection optimizer
2023-09-26T00:31:52.212-05:00 DEBUG 33180 --- [onnection adder] com.zaxxer.hikari.pool.HikariPool        : HikariPool-1 - Added connection conn3: url=jdbc:h2:mem:testdb user=SA
2023-09-26T00:31:52.228-05:00 DEBUG 33180 --- [onnection adder] com.zaxxer.hikari.pool.HikariPool        : HikariPool-1 - Added connection conn4: url=jdbc:h2:mem:testdb user=SA
2023-09-26T00:31:52.235-05:00 DEBUG 33180 --- [           main] org.hibernate.orm.idgen.factory          : Registering IdentifierGenerator strategy [uuid2] -> [org.hibernate.id.UUIDGenerator]
2023-09-26T00:31:52.236-05:00 DEBUG 33180 --- [           main] org.hibernate.orm.idgen.factory          : Registering IdentifierGenerator strategy [guid] -> [org.hibernate.id.GUIDGenerator]
2023-09-26T00:31:52.236-05:00 DEBUG 33180 --- [           main] org.hibernate.orm.idgen.factory          : Registering IdentifierGenerator strategy [uuid] -> [org.hibernate.id.UUIDHexGenerator]
2023-09-26T00:31:52.236-05:00 DEBUG 33180 --- [           main] org.hibernate.orm.idgen.factory          : Registering IdentifierGenerator strategy [uuid.hex] -> [org.hibernate.id.UUIDHexGenerator]
2023-09-26T00:31:52.237-05:00 DEBUG 33180 --- [           main] org.hibernate.orm.idgen.factory          : Registering IdentifierGenerator strategy [assigned] -> [org.hibernate.id.Assigned]
2023-09-26T00:31:52.238-05:00 DEBUG 33180 --- [           main] org.hibernate.orm.idgen.factory          : Registering IdentifierGenerator strategy [identity] -> [org.hibernate.id.IdentityGenerator]
2023-09-26T00:31:52.238-05:00 DEBUG 33180 --- [           main] org.hibernate.orm.idgen.factory          : Registering IdentifierGenerator strategy [select] -> [org.hibernate.id.SelectGenerator]
2023-09-26T00:31:52.239-05:00 DEBUG 33180 --- [           main] org.hibernate.orm.idgen.factory          : Registering IdentifierGenerator strategy [sequence] -> [org.hibernate.id.enhanced.SequenceStyleGenerator]
2023-09-26T00:31:52.239-05:00 DEBUG 33180 --- [           main] org.hibernate.orm.idgen.factory          : Registering IdentifierGenerator strategy [increment] -> [org.hibernate.id.IncrementGenerator]
2023-09-26T00:31:52.240-05:00 DEBUG 33180 --- [           main] org.hibernate.orm.idgen.factory          : Registering IdentifierGenerator strategy [foreign] -> [org.hibernate.id.ForeignGenerator]
2023-09-26T00:31:52.240-05:00 DEBUG 33180 --- [           main] org.hibernate.orm.idgen.factory          : Registering IdentifierGenerator strategy [enhanced-sequence] -> [org.hibernate.id.enhanced.SequenceStyleGenerator]
2023-09-26T00:31:52.240-05:00 DEBUG 33180 --- [           main] org.hibernate.orm.idgen.factory          : Registering IdentifierGenerator strategy [enhanced-table] -> [org.hibernate.id.enhanced.TableGenerator]
2023-09-26T00:31:52.243-05:00 DEBUG 33180 --- [onnection adder] com.zaxxer.hikari.pool.HikariPool        : HikariPool-1 - Added connection conn5: url=jdbc:h2:mem:testdb user=SA
2023-09-26T00:31:52.244-05:00 DEBUG 33180 --- [           main] o.h.c.internal.RegionFactoryInitiator    : Cannot default RegionFactory based on registered strategies as `[]` RegionFactory strategies were registered
2023-09-26T00:31:52.245-05:00 DEBUG 33180 --- [           main] o.h.c.internal.RegionFactoryInitiator    : Cache region factory : org.hibernate.cache.internal.NoCachingRegionFactory
2023-09-26T00:31:52.258-05:00 DEBUG 33180 --- [onnection adder] com.zaxxer.hikari.pool.HikariPool        : HikariPool-1 - Added connection conn6: url=jdbc:h2:mem:testdb user=SA
2023-09-26T00:31:52.274-05:00 DEBUG 33180 --- [onnection adder] com.zaxxer.hikari.pool.HikariPool        : HikariPool-1 - Added connection conn7: url=jdbc:h2:mem:testdb user=SA
2023-09-26T00:31:52.290-05:00 DEBUG 33180 --- [onnection adder] com.zaxxer.hikari.pool.HikariPool        : HikariPool-1 - Added connection conn8: url=jdbc:h2:mem:testdb user=SA
2023-09-26T00:31:52.306-05:00 DEBUG 33180 --- [onnection adder] com.zaxxer.hikari.pool.HikariPool        : HikariPool-1 - Added connection conn9: url=jdbc:h2:mem:testdb user=SA
2023-09-26T00:31:52.321-05:00 DEBUG 33180 --- [onnection adder] com.zaxxer.hikari.pool.HikariPool        : HikariPool-1 - After adding stats (total=10, active=0, idle=10, waiting=0)
2023-09-26T00:31:52.324-05:00 DEBUG 33180 --- [           main] org.hibernate.type.BasicTypeRegistry     : Adding type registration boolean -> org.hibernate.type.BasicTypeReference@66e341e9
2023-09-26T00:31:52.324-05:00 DEBUG 33180 --- [           main] org.hibernate.type.BasicTypeRegistry     : Adding type registration boolean -> org.hibernate.type.BasicTypeReference@66e341e9
2023-09-26T00:31:52.324-05:00 DEBUG 33180 --- [           main] org.hibernate.type.BasicTypeRegistry     : Adding type registration java.lang.Boolean -> org.hibernate.type.BasicTypeReference@66e341e9
2023-09-26T00:31:52.324-05:00 DEBUG 33180 --- [           main] org.hibernate.type.BasicTypeRegistry     : Adding type registration numeric_boolean -> org.hibernate.type.BasicTypeReference@5b48f0f4
2023-09-26T00:31:52.324-05:00 DEBUG 33180 --- [           main] org.hibernate.type.BasicTypeRegistry     : Adding type registration org.hibernate.type.NumericBooleanConverter -> org.hibernate.type.BasicTypeReference@5b48f0f4
2023-09-26T00:31:52.324-05:00 DEBUG 33180 --- [           main] org.hibernate.type.BasicTypeRegistry     : Adding type registration true_false -> org.hibernate.type.BasicTypeReference@546ed2a0
2023-09-26T00:31:52.325-05:00 DEBUG 33180 --- [           main] org.hibernate.type.BasicTypeRegistry     : Adding type registration org.hibernate.type.TrueFalseConverter -> org.hibernate.type.BasicTypeReference@546ed2a0
2023-09-26T00:31:52.325-05:00 DEBUG 33180 --- [           main] org.hibernate.type.BasicTypeRegistry     : Adding type registration yes_no -> org.hibernate.type.BasicTypeReference@5bfc79cb
2023-09-26T00:31:52.325-05:00 DEBUG 33180 --- [           main] org.hibernate.type.BasicTypeRegistry     : Adding type registration org.hibernate.type.YesNoConverter -> org.hibernate.type.BasicTypeReference@5bfc79cb
2023-09-26T00:31:52.325-05:00 DEBUG 33180 --- [           main] org.hibernate.type.BasicTypeRegistry     : Adding type registration byte -> org.hibernate.type.BasicTypeReference@27ec8754
2023-09-26T00:31:52.325-05:00 DEBUG 33180 --- [           main] org.hibernate.type.BasicTypeRegistry     : Adding type registration byte -> org.hibernate.type.BasicTypeReference@27ec8754
2023-09-26T00:31:52.325-05:00 DEBUG 33180 --- [           main] org.hibernate.type.BasicTypeRegistry     : Adding type registration java.lang.Byte -> org.hibernate.type.BasicTypeReference@27ec8754
2023-09-26T00:31:52.325-05:00 DEBUG 33180 --- [           main] org.hibernate.type.BasicTypeRegistry     : Adding type registration binary -> org.hibernate.type.BasicTypeReference@3bbf1c0d
2023-09-26T00:31:52.325-05:00 DEBUG 33180 --- [           main] org.hibernate.type.BasicTypeRegistry     : Adding type registration byte[] -> org.hibernate.type.BasicTypeReference@3bbf1c0d
2023-09-26T00:31:52.325-05:00 DEBUG 33180 --- [           main] org.hibernate.type.BasicTypeRegistry     : Adding type registration [B -> org.hibernate.type.BasicTypeReference@3bbf1c0d
2023-09-26T00:31:52.325-05:00 DEBUG 33180 --- [           main] org.hibernate.type.BasicTypeRegistry     : Adding type registration binary_wrapper -> org.hibernate.type.BasicTypeReference@19662208
2023-09-26T00:31:52.325-05:00 DEBUG 33180 --- [           main] org.hibernate.type.BasicTypeRegistry     : Adding type registration wrapper-binary -> org.hibernate.type.BasicTypeReference@19662208
2023-09-26T00:31:52.325-05:00 DEBUG 33180 --- [           main] org.hibernate.type.BasicTypeRegistry     : Adding type registration image -> org.hibernate.type.BasicTypeReference@216c22ce
2023-09-26T00:31:52.325-05:00 DEBUG 33180 --- [           main] org.hibernate.type.BasicTypeRegistry     : Adding type registration blob -> org.hibernate.type.BasicTypeReference@62f9c790
2023-09-26T00:31:52.325-05:00 DEBUG 33180 --- [           main] org.hibernate.type.BasicTypeRegistry     : Adding type registration java.sql.Blob -> org.hibernate.type.BasicTypeReference@62f9c790
2023-09-26T00:31:52.325-05:00 DEBUG 33180 --- [           main] org.hibernate.type.BasicTypeRegistry     : Adding type registration materialized_blob -> org.hibernate.type.BasicTypeReference@21e5f0b6
2023-09-26T00:31:52.325-05:00 DEBUG 33180 --- [           main] org.hibernate.type.BasicTypeRegistry     : Adding type registration materialized_blob_wrapper -> org.hibernate.type.BasicTypeReference@93bf0e0
2023-09-26T00:31:52.325-05:00 DEBUG 33180 --- [           main] org.hibernate.type.BasicTypeRegistry     : Adding type registration short -> org.hibernate.type.BasicTypeReference@4981d95b
2023-09-26T00:31:52.325-05:00 DEBUG 33180 --- [           main] org.hibernate.type.BasicTypeRegistry     : Adding type registration short -> org.hibernate.type.BasicTypeReference@4981d95b
2023-09-26T00:31:52.325-05:00 DEBUG 33180 --- [           main] org.hibernate.type.BasicTypeRegistry     : Adding type registration java.lang.Short -> org.hibernate.type.BasicTypeReference@4981d95b
2023-09-26T00:31:52.325-05:00 DEBUG 33180 --- [           main] org.hibernate.type.BasicTypeRegistry     : Adding type registration integer -> org.hibernate.type.BasicTypeReference@656842bc
2023-09-26T00:31:52.325-05:00 DEBUG 33180 --- [           main] org.hibernate.type.BasicTypeRegistry     : Adding type registration int -> org.hibernate.type.BasicTypeReference@656842bc
2023-09-26T00:31:52.325-05:00 DEBUG 33180 --- [           main] org.hibernate.type.BasicTypeRegistry     : Adding type registration java.lang.Integer -> org.hibernate.type.BasicTypeReference@656842bc
2023-09-26T00:31:52.325-05:00 DEBUG 33180 --- [           main] org.hibernate.type.BasicTypeRegistry     : Adding type registration long -> org.hibernate.type.BasicTypeReference@6b867ee7
2023-09-26T00:31:52.325-05:00 DEBUG 33180 --- [           main] org.hibernate.type.BasicTypeRegistry     : Adding type registration long -> org.hibernate.type.BasicTypeReference@6b867ee7
2023-09-26T00:31:52.325-05:00 DEBUG 33180 --- [           main] org.hibernate.type.BasicTypeRegistry     : Adding type registration java.lang.Long -> org.hibernate.type.BasicTypeReference@6b867ee7
2023-09-26T00:31:52.327-05:00 DEBUG 33180 --- [           main] org.hibernate.type.BasicTypeRegistry     : Adding type registration float -> org.hibernate.type.BasicTypeReference@3dec3f87
2023-09-26T00:31:52.327-05:00 DEBUG 33180 --- [           main] org.hibernate.type.BasicTypeRegistry     : Adding type registration float -> org.hibernate.type.BasicTypeReference@3dec3f87
2023-09-26T00:31:52.327-05:00 DEBUG 33180 --- [           main] org.hibernate.type.BasicTypeRegistry     : Adding type registration java.lang.Float -> org.hibernate.type.BasicTypeReference@3dec3f87
2023-09-26T00:31:52.327-05:00 DEBUG 33180 --- [           main] org.hibernate.type.BasicTypeRegistry     : Adding type registration double -> org.hibernate.type.BasicTypeReference@7a606260
2023-09-26T00:31:52.327-05:00 DEBUG 33180 --- [           main] org.hibernate.type.BasicTypeRegistry     : Adding type registration double -> org.hibernate.type.BasicTypeReference@7a606260
2023-09-26T00:31:52.327-05:00 DEBUG 33180 --- [           main] org.hibernate.type.BasicTypeRegistry     : Adding type registration java.lang.Double -> org.hibernate.type.BasicTypeReference@7a606260
2023-09-26T00:31:52.327-05:00 DEBUG 33180 --- [           main] org.hibernate.type.BasicTypeRegistry     : Adding type registration big_integer -> org.hibernate.type.BasicTypeReference@5dbab232
2023-09-26T00:31:52.327-05:00 DEBUG 33180 --- [           main] org.hibernate.type.BasicTypeRegistry     : Adding type registration java.math.BigInteger -> org.hibernate.type.BasicTypeReference@5dbab232
2023-09-26T00:31:52.327-05:00 DEBUG 33180 --- [           main] org.hibernate.type.BasicTypeRegistry     : Adding type registration big_decimal -> org.hibernate.type.BasicTypeReference@5939e24
2023-09-26T00:31:52.327-05:00 DEBUG 33180 --- [           main] org.hibernate.type.BasicTypeRegistry     : Adding type registration java.math.BigDecimal -> org.hibernate.type.BasicTypeReference@5939e24
2023-09-26T00:31:52.327-05:00 DEBUG 33180 --- [           main] org.hibernate.type.BasicTypeRegistry     : Adding type registration character -> org.hibernate.type.BasicTypeReference@595f9916
2023-09-26T00:31:52.327-05:00 DEBUG 33180 --- [           main] org.hibernate.type.BasicTypeRegistry     : Adding type registration char -> org.hibernate.type.BasicTypeReference@595f9916
2023-09-26T00:31:52.327-05:00 DEBUG 33180 --- [           main] org.hibernate.type.BasicTypeRegistry     : Adding type registration java.lang.Character -> org.hibernate.type.BasicTypeReference@595f9916
2023-09-26T00:31:52.327-05:00 DEBUG 33180 --- [           main] org.hibernate.type.BasicTypeRegistry     : Adding type registration character_nchar -> org.hibernate.type.BasicTypeReference@2055833f
2023-09-26T00:31:52.327-05:00 DEBUG 33180 --- [           main] org.hibernate.type.BasicTypeRegistry     : Adding type registration string -> org.hibernate.type.BasicTypeReference@28768e25
2023-09-26T00:31:52.327-05:00 DEBUG 33180 --- [           main] org.hibernate.type.BasicTypeRegistry     : Adding type registration java.lang.String -> org.hibernate.type.BasicTypeReference@28768e25
2023-09-26T00:31:52.327-05:00 DEBUG 33180 --- [           main] org.hibernate.type.BasicTypeRegistry     : Adding type registration nstring -> org.hibernate.type.BasicTypeReference@310d57b1
2023-09-26T00:31:52.327-05:00 DEBUG 33180 --- [           main] org.hibernate.type.BasicTypeRegistry     : Adding type registration characters -> org.hibernate.type.BasicTypeReference@143fefaf
2023-09-26T00:31:52.327-05:00 DEBUG 33180 --- [           main] org.hibernate.type.BasicTypeRegistry     : Adding type registration char[] -> org.hibernate.type.BasicTypeReference@143fefaf
2023-09-26T00:31:52.328-05:00 DEBUG 33180 --- [           main] org.hibernate.type.BasicTypeRegistry     : Adding type registration [C -> org.hibernate.type.BasicTypeReference@143fefaf
2023-09-26T00:31:52.328-05:00 DEBUG 33180 --- [           main] org.hibernate.type.BasicTypeRegistry     : Adding type registration wrapper-characters -> org.hibernate.type.BasicTypeReference@18ffca6c
2023-09-26T00:31:52.328-05:00 DEBUG 33180 --- [           main] org.hibernate.type.BasicTypeRegistry     : Adding type registration text -> org.hibernate.type.BasicTypeReference@46468f0
2023-09-26T00:31:52.328-05:00 DEBUG 33180 --- [           main] org.hibernate.type.BasicTypeRegistry     : Adding type registration ntext -> org.hibernate.type.BasicTypeReference@5f8f1712
2023-09-26T00:31:52.328-05:00 DEBUG 33180 --- [           main] org.hibernate.type.BasicTypeRegistry     : Adding type registration clob -> org.hibernate.type.BasicTypeReference@34a6d9db
2023-09-26T00:31:52.328-05:00 DEBUG 33180 --- [           main] org.hibernate.type.BasicTypeRegistry     : Adding type registration java.sql.Clob -> org.hibernate.type.BasicTypeReference@34a6d9db
2023-09-26T00:31:52.328-05:00 DEBUG 33180 --- [           main] org.hibernate.type.BasicTypeRegistry     : Adding type registration nclob -> org.hibernate.type.BasicTypeReference@52ecc989
2023-09-26T00:31:52.328-05:00 DEBUG 33180 --- [           main] org.hibernate.type.BasicTypeRegistry     : Adding type registration java.sql.NClob -> org.hibernate.type.BasicTypeReference@52ecc989
2023-09-26T00:31:52.328-05:00 DEBUG 33180 --- [           main] org.hibernate.type.BasicTypeRegistry     : Adding type registration materialized_clob -> org.hibernate.type.BasicTypeReference@756808cc
2023-09-26T00:31:52.328-05:00 DEBUG 33180 --- [           main] org.hibernate.type.BasicTypeRegistry     : Adding type registration materialized_clob_char_array -> org.hibernate.type.BasicTypeReference@52f8a6f4
2023-09-26T00:31:52.328-05:00 DEBUG 33180 --- [           main] org.hibernate.type.BasicTypeRegistry     : Adding type registration materialized_clob_character_array -> org.hibernate.type.BasicTypeReference@5012c571
2023-09-26T00:31:52.328-05:00 DEBUG 33180 --- [           main] org.hibernate.type.BasicTypeRegistry     : Adding type registration materialized_nclob -> org.hibernate.type.BasicTypeReference@6486fe7b
2023-09-26T00:31:52.328-05:00 DEBUG 33180 --- [           main] org.hibernate.type.BasicTypeRegistry     : Adding type registration materialized_nclob_character_array -> org.hibernate.type.BasicTypeReference@511da44f
2023-09-26T00:31:52.328-05:00 DEBUG 33180 --- [           main] org.hibernate.type.BasicTypeRegistry     : Adding type registration materialized_nclob_char_array -> org.hibernate.type.BasicTypeReference@4645679e
2023-09-26T00:31:52.328-05:00 DEBUG 33180 --- [           main] org.hibernate.type.BasicTypeRegistry     : Adding type registration Duration -> org.hibernate.type.BasicTypeReference@3a0b6a
2023-09-26T00:31:52.328-05:00 DEBUG 33180 --- [           main] org.hibernate.type.BasicTypeRegistry     : Adding type registration java.time.Duration -> org.hibernate.type.BasicTypeReference@3a0b6a
2023-09-26T00:31:52.328-05:00 DEBUG 33180 --- [           main] org.hibernate.type.BasicTypeRegistry     : Adding type registration LocalDateTime -> org.hibernate.type.BasicTypeReference@539c4830
2023-09-26T00:31:52.328-05:00 DEBUG 33180 --- [           main] org.hibernate.type.BasicTypeRegistry     : Adding type registration java.time.LocalDateTime -> org.hibernate.type.BasicTypeReference@539c4830
2023-09-26T00:31:52.328-05:00 DEBUG 33180 --- [           main] org.hibernate.type.BasicTypeRegistry     : Adding type registration LocalDate -> org.hibernate.type.BasicTypeReference@6f1fa1d0
2023-09-26T00:31:52.328-05:00 DEBUG 33180 --- [           main] org.hibernate.type.BasicTypeRegistry     : Adding type registration java.time.LocalDate -> org.hibernate.type.BasicTypeReference@6f1fa1d0
2023-09-26T00:31:52.329-05:00 DEBUG 33180 --- [           main] org.hibernate.type.BasicTypeRegistry     : Adding type registration LocalTime -> org.hibernate.type.BasicTypeReference@28b523a
2023-09-26T00:31:52.329-05:00 DEBUG 33180 --- [           main] org.hibernate.type.BasicTypeRegistry     : Adding type registration java.time.LocalTime -> org.hibernate.type.BasicTypeReference@28b523a
2023-09-26T00:31:52.329-05:00 DEBUG 33180 --- [           main] org.hibernate.type.BasicTypeRegistry     : Adding type registration OffsetDateTime -> org.hibernate.type.BasicTypeReference@52ba685a
2023-09-26T00:31:52.329-05:00 DEBUG 33180 --- [           main] org.hibernate.type.BasicTypeRegistry     : Adding type registration java.time.OffsetDateTime -> org.hibernate.type.BasicTypeReference@52ba685a
2023-09-26T00:31:52.329-05:00 DEBUG 33180 --- [           main] org.hibernate.type.BasicTypeRegistry     : Adding type registration OffsetDateTimeWithTimezone -> org.hibernate.type.BasicTypeReference@63d677f5
2023-09-26T00:31:52.329-05:00 DEBUG 33180 --- [           main] org.hibernate.type.BasicTypeRegistry     : Adding type registration OffsetDateTimeWithoutTimezone -> org.hibernate.type.BasicTypeReference@71d55b7e
2023-09-26T00:31:52.329-05:00 DEBUG 33180 --- [           main] org.hibernate.type.BasicTypeRegistry     : Adding type registration OffsetTime -> org.hibernate.type.BasicTypeReference@2997ddfc
2023-09-26T00:31:52.329-05:00 DEBUG 33180 --- [           main] org.hibernate.type.BasicTypeRegistry     : Adding type registration java.time.OffsetTime -> org.hibernate.type.BasicTypeReference@2997ddfc
2023-09-26T00:31:52.329-05:00 DEBUG 33180 --- [           main] org.hibernate.type.BasicTypeRegistry     : Adding type registration OffsetTimeUtc -> org.hibernate.type.BasicTypeReference@28ee882c
2023-09-26T00:31:52.329-05:00 DEBUG 33180 --- [           main] org.hibernate.type.BasicTypeRegistry     : Adding type registration OffsetTimeWithTimezone -> org.hibernate.type.BasicTypeReference@78d73b1b
2023-09-26T00:31:52.329-05:00 DEBUG 33180 --- [           main] org.hibernate.type.BasicTypeRegistry     : Adding type registration OffsetTimeWithoutTimezone -> org.hibernate.type.BasicTypeReference@238291d4
2023-09-26T00:31:52.329-05:00 DEBUG 33180 --- [           main] org.hibernate.type.BasicTypeRegistry     : Adding type registration ZonedDateTime -> org.hibernate.type.BasicTypeReference@34edd065
2023-09-26T00:31:52.329-05:00 DEBUG 33180 --- [           main] org.hibernate.type.BasicTypeRegistry     : Adding type registration java.time.ZonedDateTime -> org.hibernate.type.BasicTypeReference@34edd065
2023-09-26T00:31:52.329-05:00 DEBUG 33180 --- [           main] org.hibernate.type.BasicTypeRegistry     : Adding type registration ZonedDateTimeWithTimezone -> org.hibernate.type.BasicTypeReference@681e913c
2023-09-26T00:31:52.329-05:00 DEBUG 33180 --- [           main] org.hibernate.type.BasicTypeRegistry     : Adding type registration ZonedDateTimeWithoutTimezone -> org.hibernate.type.BasicTypeReference@29d070c7
2023-09-26T00:31:52.329-05:00 DEBUG 33180 --- [           main] org.hibernate.type.BasicTypeRegistry     : Adding type registration date -> org.hibernate.type.BasicTypeReference@1eeb5818
2023-09-26T00:31:52.329-05:00 DEBUG 33180 --- [           main] org.hibernate.type.BasicTypeRegistry     : Adding type registration java.sql.Date -> org.hibernate.type.BasicTypeReference@1eeb5818
2023-09-26T00:31:52.330-05:00 DEBUG 33180 --- [           main] org.hibernate.type.BasicTypeRegistry     : Adding type registration time -> org.hibernate.type.BasicTypeReference@44dfdd58
2023-09-26T00:31:52.330-05:00 DEBUG 33180 --- [           main] org.hibernate.type.BasicTypeRegistry     : Adding type registration java.sql.Time -> org.hibernate.type.BasicTypeReference@44dfdd58
2023-09-26T00:31:52.330-05:00 DEBUG 33180 --- [           main] org.hibernate.type.BasicTypeRegistry     : Adding type registration timestamp -> org.hibernate.type.BasicTypeReference@58d4238e
2023-09-26T00:31:52.330-05:00 DEBUG 33180 --- [           main] org.hibernate.type.BasicTypeRegistry     : Adding type registration java.sql.Timestamp -> org.hibernate.type.BasicTypeReference@58d4238e
2023-09-26T00:31:52.330-05:00 DEBUG 33180 --- [           main] org.hibernate.type.BasicTypeRegistry     : Adding type registration java.util.Date -> org.hibernate.type.BasicTypeReference@58d4238e
2023-09-26T00:31:52.330-05:00 DEBUG 33180 --- [           main] org.hibernate.type.BasicTypeRegistry     : Adding type registration calendar -> org.hibernate.type.BasicTypeReference@72a8361b
2023-09-26T00:31:52.330-05:00 DEBUG 33180 --- [           main] org.hibernate.type.BasicTypeRegistry     : Adding type registration java.util.Calendar -> org.hibernate.type.BasicTypeReference@72a8361b
2023-09-26T00:31:52.330-05:00 DEBUG 33180 --- [           main] org.hibernate.type.BasicTypeRegistry     : Adding type registration java.util.GregorianCalendar -> org.hibernate.type.BasicTypeReference@72a8361b
2023-09-26T00:31:52.330-05:00 DEBUG 33180 --- [           main] org.hibernate.type.BasicTypeRegistry     : Adding type registration calendar_date -> org.hibernate.type.BasicTypeReference@36478bce
2023-09-26T00:31:52.330-05:00 DEBUG 33180 --- [           main] org.hibernate.type.BasicTypeRegistry     : Adding type registration calendar_time -> org.hibernate.type.BasicTypeReference@c48b543
2023-09-26T00:31:52.330-05:00 DEBUG 33180 --- [           main] org.hibernate.type.BasicTypeRegistry     : Adding type registration instant -> org.hibernate.type.BasicTypeReference@75793f17
2023-09-26T00:31:52.330-05:00 DEBUG 33180 --- [           main] org.hibernate.type.BasicTypeRegistry     : Adding type registration java.time.Instant -> org.hibernate.type.BasicTypeReference@75793f17
2023-09-26T00:31:52.330-05:00 DEBUG 33180 --- [           main] org.hibernate.type.BasicTypeRegistry     : Adding type registration uuid -> org.hibernate.type.BasicTypeReference@4652c74d
2023-09-26T00:31:52.330-05:00 DEBUG 33180 --- [           main] org.hibernate.type.BasicTypeRegistry     : Adding type registration java.util.UUID -> org.hibernate.type.BasicTypeReference@4652c74d
2023-09-26T00:31:52.330-05:00 DEBUG 33180 --- [           main] org.hibernate.type.BasicTypeRegistry     : Adding type registration pg-uuid -> org.hibernate.type.BasicTypeReference@4652c74d
2023-09-26T00:31:52.330-05:00 DEBUG 33180 --- [           main] org.hibernate.type.BasicTypeRegistry     : Adding type registration uuid-binary -> org.hibernate.type.BasicTypeReference@4cc12db2
2023-09-26T00:31:52.330-05:00 DEBUG 33180 --- [           main] org.hibernate.type.BasicTypeRegistry     : Adding type registration uuid-char -> org.hibernate.type.BasicTypeReference@5ea7bc4
2023-09-26T00:31:52.330-05:00 DEBUG 33180 --- [           main] org.hibernate.type.BasicTypeRegistry     : Adding type registration class -> org.hibernate.type.BasicTypeReference@39d77de9
2023-09-26T00:31:52.330-05:00 DEBUG 33180 --- [           main] org.hibernate.type.BasicTypeRegistry     : Adding type registration java.lang.Class -> org.hibernate.type.BasicTypeReference@39d77de9
2023-09-26T00:31:52.331-05:00 DEBUG 33180 --- [           main] org.hibernate.type.BasicTypeRegistry     : Adding type registration currency -> org.hibernate.type.BasicTypeReference@696fad31
2023-09-26T00:31:52.331-05:00 DEBUG 33180 --- [           main] org.hibernate.type.BasicTypeRegistry     : Adding type registration Currency -> org.hibernate.type.BasicTypeReference@696fad31
2023-09-26T00:31:52.331-05:00 DEBUG 33180 --- [           main] org.hibernate.type.BasicTypeRegistry     : Adding type registration java.util.Currency -> org.hibernate.type.BasicTypeReference@696fad31
2023-09-26T00:31:52.331-05:00 DEBUG 33180 --- [           main] org.hibernate.type.BasicTypeRegistry     : Adding type registration locale -> org.hibernate.type.BasicTypeReference@2c06b113
2023-09-26T00:31:52.331-05:00 DEBUG 33180 --- [           main] org.hibernate.type.BasicTypeRegistry     : Adding type registration java.util.Locale -> org.hibernate.type.BasicTypeReference@2c06b113
2023-09-26T00:31:52.331-05:00 DEBUG 33180 --- [           main] org.hibernate.type.BasicTypeRegistry     : Adding type registration serializable -> org.hibernate.type.BasicTypeReference@7a64cb0c
2023-09-26T00:31:52.331-05:00 DEBUG 33180 --- [           main] org.hibernate.type.BasicTypeRegistry     : Adding type registration java.io.Serializable -> org.hibernate.type.BasicTypeReference@7a64cb0c
2023-09-26T00:31:52.331-05:00 DEBUG 33180 --- [           main] org.hibernate.type.BasicTypeRegistry     : Adding type registration timezone -> org.hibernate.type.BasicTypeReference@785ed99c
2023-09-26T00:31:52.331-05:00 DEBUG 33180 --- [           main] org.hibernate.type.BasicTypeRegistry     : Adding type registration java.util.TimeZone -> org.hibernate.type.BasicTypeReference@785ed99c
2023-09-26T00:31:52.331-05:00 DEBUG 33180 --- [           main] org.hibernate.type.BasicTypeRegistry     : Adding type registration ZoneOffset -> org.hibernate.type.BasicTypeReference@6c4ce583
2023-09-26T00:31:52.331-05:00 DEBUG 33180 --- [           main] org.hibernate.type.BasicTypeRegistry     : Adding type registration java.time.ZoneOffset -> org.hibernate.type.BasicTypeReference@6c4ce583
2023-09-26T00:31:52.331-05:00 DEBUG 33180 --- [           main] org.hibernate.type.BasicTypeRegistry     : Adding type registration url -> org.hibernate.type.BasicTypeReference@755b5f30
2023-09-26T00:31:52.331-05:00 DEBUG 33180 --- [           main] org.hibernate.type.BasicTypeRegistry     : Adding type registration java.net.URL -> org.hibernate.type.BasicTypeReference@755b5f30
2023-09-26T00:31:52.331-05:00 DEBUG 33180 --- [           main] org.hibernate.type.BasicTypeRegistry     : Adding type registration row_version -> org.hibernate.type.BasicTypeReference@29bbc63c
2023-09-26T00:31:52.334-05:00 DEBUG 33180 --- [           main] org.hibernate.type.BasicTypeRegistry     : Adding type registration object -> org.hibernate.type.JavaObjectType@79252c83
2023-09-26T00:31:52.334-05:00 DEBUG 33180 --- [           main] org.hibernate.type.BasicTypeRegistry     : Adding type registration java.lang.Object -> org.hibernate.type.JavaObjectType@79252c83
2023-09-26T00:31:52.335-05:00 DEBUG 33180 --- [           main] org.hibernate.type.BasicTypeRegistry     : Adding type registration null -> org.hibernate.type.NullType@cbf1997
2023-09-26T00:31:52.335-05:00 DEBUG 33180 --- [           main] org.hibernate.type.BasicTypeRegistry     : Adding type registration imm_date -> org.hibernate.type.BasicTypeReference@49232c6f
2023-09-26T00:31:52.335-05:00 DEBUG 33180 --- [           main] org.hibernate.type.BasicTypeRegistry     : Adding type registration imm_time -> org.hibernate.type.BasicTypeReference@5faeeb56
2023-09-26T00:31:52.335-05:00 DEBUG 33180 --- [           main] org.hibernate.type.BasicTypeRegistry     : Adding type registration imm_timestamp -> org.hibernate.type.BasicTypeReference@5396eeb1
2023-09-26T00:31:52.335-05:00 DEBUG 33180 --- [           main] org.hibernate.type.BasicTypeRegistry     : Adding type registration imm_calendar -> org.hibernate.type.BasicTypeReference@279126f5
2023-09-26T00:31:52.335-05:00 DEBUG 33180 --- [           main] org.hibernate.type.BasicTypeRegistry     : Adding type registration imm_calendar_date -> org.hibernate.type.BasicTypeReference@7781263c
2023-09-26T00:31:52.335-05:00 DEBUG 33180 --- [           main] org.hibernate.type.BasicTypeRegistry     : Adding type registration imm_calendar_time -> org.hibernate.type.BasicTypeReference@5fdd97c1
2023-09-26T00:31:52.335-05:00 DEBUG 33180 --- [           main] org.hibernate.type.BasicTypeRegistry     : Adding type registration imm_binary -> org.hibernate.type.BasicTypeReference@3b5a19ed
2023-09-26T00:31:52.335-05:00 DEBUG 33180 --- [           main] org.hibernate.type.BasicTypeRegistry     : Adding type registration imm_serializable -> org.hibernate.type.BasicTypeReference@15d236fd
2023-09-26T00:31:52.339-05:00 DEBUG 33180 --- [           main] o.h.boot.internal.BootstrapContextImpl   : Injecting JPA temp ClassLoader [org.springframework.instrument.classloading.SimpleThrowawayClassLoader@16681017] into BootstrapContext; was [null]
2023-09-26T00:31:52.339-05:00 DEBUG 33180 --- [           main] o.h.boot.internal.ClassLoaderAccessImpl  : ClassLoaderAccessImpl#injectTempClassLoader(org.springframework.instrument.classloading.SimpleThrowawayClassLoader@16681017) [was null]
2023-09-26T00:31:52.340-05:00 DEBUG 33180 --- [           main] o.h.boot.internal.BootstrapContextImpl   : Injecting ScanEnvironment [org.hibernate.jpa.boot.internal.StandardJpaScanEnvironmentImpl@37e7c4cc] into BootstrapContext; was [null]
2023-09-26T00:31:52.340-05:00 DEBUG 33180 --- [           main] o.h.boot.internal.BootstrapContextImpl   : Injecting ScanOptions [org.hibernate.boot.archive.scan.internal.StandardScanOptions@3a40bb52] into BootstrapContext; was [org.hibernate.boot.archive.scan.internal.StandardScanOptions@3079c26a]
2023-09-26T00:31:52.360-05:00  INFO 33180 --- [           main] o.h.b.i.BytecodeProviderInitiator        : HHH000021: Bytecode provider name : bytebuddy
2023-09-26T00:31:52.492-05:00  INFO 33180 --- [           main] o.s.o.j.p.SpringPersistenceUnitInfo      : No LoadTimeWeaver setup: ignoring JPA class transformer
2023-09-26T00:31:52.493-05:00 DEBUG 33180 --- [           main] o.h.boot.internal.BootstrapContextImpl   : Injecting JPA temp ClassLoader [null] into BootstrapContext; was [org.springframework.instrument.classloading.SimpleThrowawayClassLoader@16681017]
2023-09-26T00:31:52.493-05:00 DEBUG 33180 --- [           main] o.h.boot.internal.ClassLoaderAccessImpl  : ClassLoaderAccessImpl#injectTempClassLoader(null) [was org.springframework.instrument.classloading.SimpleThrowawayClassLoader@16681017]
2023-09-26T00:31:52.510-05:00 DEBUG 33180 --- [           main] o.h.e.j.e.i.JdbcEnvironmentInitiator     : Database ->
       name : H2
    version : 2.1.214 (2022-06-13)
      major : 2
      minor : 1
2023-09-26T00:31:52.510-05:00 DEBUG 33180 --- [           main] o.h.e.j.e.i.JdbcEnvironmentInitiator     : Driver ->
       name : H2 JDBC Driver
    version : 2.1.214 (2022-06-13)
      major : 2
      minor : 1
2023-09-26T00:31:52.510-05:00 DEBUG 33180 --- [           main] o.h.e.j.e.i.JdbcEnvironmentInitiator     : JDBC version : 4.2
2023-09-26T00:31:52.538-05:00 DEBUG 33180 --- [           main] org.hibernate.orm.dialect                : HHH035001: Using dialect: org.hibernate.dialect.H2Dialect, version: 2.1.214
2023-09-26T00:31:52.550-05:00 DEBUG 33180 --- [           main] o.h.e.j.env.spi.IdentifierHelperBuilder  : JDBC driver metadata reported database stores quoted identifiers in neither upper, lower nor mixed case
2023-09-26T00:31:52.574-05:00 DEBUG 33180 --- [           main] o.h.t.d.jdbc.spi.JdbcTypeRegistry        : addDescriptor(NCharTypeDescriptor) replaced previous registration(CharTypeDescriptor)
2023-09-26T00:31:52.575-05:00 DEBUG 33180 --- [           main] o.h.t.d.jdbc.spi.JdbcTypeRegistry        : addDescriptor(NVarcharTypeDescriptor) replaced previous registration(VarcharTypeDescriptor)
2023-09-26T00:31:52.575-05:00 DEBUG 33180 --- [           main] o.h.t.d.jdbc.spi.JdbcTypeRegistry        : addDescriptor(LongNVarcharTypeDescriptor) replaced previous registration(LongVarcharTypeDescriptor)
2023-09-26T00:31:52.578-05:00 DEBUG 33180 --- [           main] o.h.t.d.jdbc.spi.JdbcTypeRegistry        : addDescriptor(NClobTypeDescriptor(DEFAULT)) replaced previous registration(ClobTypeDescriptor(DEFAULT))
2023-09-26T00:31:52.579-05:00 DEBUG 33180 --- [           main] o.h.t.d.jdbc.spi.JdbcTypeRegistry        : addDescriptor(2005, ClobTypeDescriptor(STREAM_BINDING)) replaced previous registration(ClobTypeDescriptor(DEFAULT))
2023-09-26T00:31:52.583-05:00 DEBUG 33180 --- [           main] o.h.t.d.jdbc.spi.JdbcTypeRegistry        : addDescriptor(TimestampUtcDescriptor) replaced previous registration(TimestampUtcDescriptor)
2023-09-26T00:31:52.591-05:00 DEBUG 33180 --- [           main] org.hibernate.type.BasicTypeRegistry     : Adding type registration Duration -> basicType@1(java.time.Duration,2)
2023-09-26T00:31:52.591-05:00 DEBUG 33180 --- [           main] org.hibernate.type.BasicTypeRegistry     : Adding type registration java.time.Duration -> basicType@1(java.time.Duration,2)
2023-09-26T00:31:52.596-05:00 DEBUG 33180 --- [           main] o.h.type.spi.TypeConfiguration$Scope     : Scoping TypeConfiguration [org.hibernate.type.spi.TypeConfiguration@598657cd] to MetadataBuildingContext [org.hibernate.boot.internal.MetadataBuildingContextRootImpl@456aa471]
Citas(citaId=null, medicoId=1, pacienteId=1, fecha=30/11/2023, hora=09:00, duracion=1)
Citas(citaId=null, medicoId=2, pacienteId=2, fecha=30/11/2023, hora=09:00, duracion=1)
Citas(citaId=null, medicoId=3, pacienteId=3, fecha=30/11/2023, hora=09:00, duracion=1)
Citas(citaId=null, medicoId=4, pacienteId=4, fecha=30/11/2023, hora=09:00, duracion=1)
Citas(citaId=null, medicoId=5, pacienteId=5, fecha=30/11/2023, hora=09:00, duracion=1)
Citas(citaId=null, medicoId=6, pacienteId=6, fecha=30/11/2023, hora=09:00, duracion=1)
Citas(citaId=null, medicoId=7, pacienteId=7, fecha=30/11/2023, hora=09:00, duracion=1)
Citas(citaId=null, medicoId=8, pacienteId=8, fecha=30/11/2023, hora=09:00, duracion=1)
Citas(citaId=null, medicoId=9, pacienteId=9, fecha=30/11/2023, hora=09:00, duracion=1)
Citas(citaId=null, medicoId=10, pacienteId=10, fecha=30/11/2023, hora=09:00, duracion=1)
Citas(citaId=null, medicoId=11, pacienteId=11, fecha=30/11/2023, hora=09:00, duracion=1)
Citas(citaId=null, medicoId=12, pacienteId=12, fecha=30/11/2023, hora=09:00, duracion=1)
Citas(citaId=null, medicoId=13, pacienteId=13, fecha=30/11/2023, hora=09:00, duracion=1)
Citas(citaId=null, medicoId=14, pacienteId=14, fecha=30/11/2023, hora=09:00, duracion=1)
Citas(citaId=null, medicoId=15, pacienteId=15, fecha=30/11/2023, hora=09:00, duracion=1)
Citas(citaId=null, medicoId=16, pacienteId=16, fecha=30/11/2023, hora=09:00, duracion=1)
Citas(citaId=null, medicoId=17, pacienteId=17, fecha=30/11/2023, hora=09:00, duracion=1)
Citas(citaId=null, medicoId=18, pacienteId=18, fecha=30/11/2023, hora=09:00, duracion=1)
Citas(citaId=null, medicoId=19, pacienteId=19, fecha=30/11/2023, hora=09:00, duracion=1)
Citas(citaId=null, medicoId=20, pacienteId=20, fecha=30/11/2023, hora=09:00, duracion=1)
Citas(citaId=null, medicoId=21, pacienteId=21, fecha=30/11/2023, hora=09:00, duracion=1)
Citas(citaId=null, medicoId=22, pacienteId=22, fecha=30/11/2023, hora=09:00, duracion=1)
Citas(citaId=null, medicoId=23, pacienteId=23, fecha=30/11/2023, hora=09:00, duracion=1)
Citas(citaId=null, medicoId=24, pacienteId=24, fecha=30/11/2023, hora=09:00, duracion=1)
Citas(citaId=null, medicoId=25, pacienteId=25, fecha=30/11/2023, hora=09:00, duracion=1)
Citas(citaId=null, medicoId=26, pacienteId=26, fecha=30/11/2023, hora=09:00, duracion=1)
Citas(citaId=null, medicoId=27, pacienteId=27, fecha=30/11/2023, hora=09:00, duracion=1)
Citas(citaId=null, medicoId=28, pacienteId=28, fecha=30/11/2023, hora=09:00, duracion=1)
Citas(citaId=null, medicoId=29, pacienteId=29, fecha=30/11/2023, hora=09:00, duracion=1)
Citas(citaId=null, medicoId=30, pacienteId=30, fecha=30/11/2023, hora=09:00, duracion=1)
Citas(citaId=null, medicoId=31, pacienteId=31, fecha=30/11/2023, hora=09:00, duracion=1)
Citas(citaId=null, medicoId=32, pacienteId=32, fecha=30/11/2023, hora=09:00, duracion=1)
Citas(citaId=null, medicoId=33, pacienteId=33, fecha=30/11/2023, hora=09:00, duracion=1)
Citas(citaId=null, medicoId=34, pacienteId=34, fecha=30/11/2023, hora=09:00, duracion=1)
Citas(citaId=null, medicoId=35, pacienteId=35, fecha=30/11/2023, hora=09:00, duracion=1)
Citas(citaId=null, medicoId=36, pacienteId=36, fecha=30/11/2023, hora=09:00, duracion=1)
Citas(citaId=null, medicoId=37, pacienteId=37, fecha=30/11/2023, hora=09:00, duracion=1)
Citas(citaId=null, medicoId=38, pacienteId=38, fecha=30/11/2023, hora=09:00, duracion=1)
Citas(citaId=null, medicoId=39, pacienteId=39, fecha=30/11/2023, hora=09:00, duracion=1)
Citas(citaId=null, medicoId=40, pacienteId=40, fecha=30/11/2023, hora=09:00, duracion=1)
Citas(citaId=null, medicoId=41, pacienteId=41, fecha=30/11/2023, hora=09:00, duracion=1)
Citas(citaId=null, medicoId=42, pacienteId=42, fecha=30/11/2023, hora=09:00, duracion=1)
Citas(citaId=null, medicoId=43, pacienteId=43, fecha=30/11/2023, hora=09:00, duracion=1)
Citas(citaId=null, medicoId=44, pacienteId=44, fecha=30/11/2023, hora=09:00, duracion=1)
Citas(citaId=null, medicoId=45, pacienteId=45, fecha=30/11/2023, hora=09:00, duracion=1)
Citas(citaId=null, medicoId=46, pacienteId=46, fecha=30/11/2023, hora=09:00, duracion=1)
Citas(citaId=null, medicoId=47, pacienteId=47, fecha=30/11/2023, hora=09:00, duracion=1)
Citas(citaId=null, medicoId=48, pacienteId=48, fecha=30/11/2023, hora=09:00, duracion=1)
Citas(citaId=null, medicoId=49, pacienteId=49, fecha=30/11/2023, hora=09:00, duracion=1)
Citas(citaId=null, medicoId=50, pacienteId=50, fecha=30/11/2023, hora=09:00, duracion=1)
Citas(citaId=null, medicoId=51, pacienteId=51, fecha=30/11/2023, hora=09:00, duracion=1)
Citas(citaId=null, medicoId=52, pacienteId=52, fecha=30/11/2023, hora=09:00, duracion=1)
Citas(citaId=null, medicoId=53, pacienteId=53, fecha=30/11/2023, hora=09:00, duracion=1)
Citas(citaId=null, medicoId=54, pacienteId=54, fecha=30/11/2023, hora=09:00, duracion=1)
Citas(citaId=null, medicoId=55, pacienteId=55, fecha=30/11/2023, hora=09:00, duracion=1)
Citas(citaId=null, medicoId=56, pacienteId=56, fecha=30/11/2023, hora=09:00, duracion=2)
Citas(citaId=null, medicoId=57, pacienteId=57, fecha=30/11/2023, hora=09:00, duracion=2)
Citas(citaId=null, medicoId=58, pacienteId=58, fecha=30/11/2023, hora=09:00, duracion=2)
Citas(citaId=null, medicoId=59, pacienteId=59, fecha=30/11/2023, hora=09:00, duracion=2)
Citas(citaId=null, medicoId=60, pacienteId=60, fecha=30/11/2023, hora=09:00, duracion=2)
Citas(citaId=null, medicoId=61, pacienteId=61, fecha=30/11/2023, hora=09:00, duracion=2)
Citas(citaId=null, medicoId=62, pacienteId=62, fecha=30/11/2023, hora=09:00, duracion=2)
Citas(citaId=null, medicoId=63, pacienteId=63, fecha=30/11/2023, hora=09:00, duracion=2)
Citas(citaId=null, medicoId=64, pacienteId=64, fecha=30/11/2023, hora=09:00, duracion=2)
Citas(citaId=null, medicoId=65, pacienteId=65, fecha=30/11/2023, hora=09:00, duracion=2)
Citas(citaId=null, medicoId=66, pacienteId=66, fecha=30/11/2023, hora=09:00, duracion=2)
Citas(citaId=null, medicoId=67, pacienteId=67, fecha=30/11/2023, hora=09:00, duracion=2)
Citas(citaId=null, medicoId=68, pacienteId=68, fecha=30/11/2023, hora=09:00, duracion=2)
Citas(citaId=null, medicoId=69, pacienteId=69, fecha=30/11/2023, hora=09:00, duracion=2)
Citas(citaId=null, medicoId=70, pacienteId=70, fecha=30/11/2023, hora=09:00, duracion=2)
Citas(citaId=null, medicoId=71, pacienteId=71, fecha=30/11/2023, hora=09:00, duracion=2)
Citas(citaId=null, medicoId=72, pacienteId=72, fecha=30/11/2023, hora=09:00, duracion=2)
Citas(citaId=null, medicoId=73, pacienteId=73, fecha=30/11/2023, hora=09:00, duracion=2)
Citas(citaId=null, medicoId=74, pacienteId=74, fecha=30/11/2023, hora=09:00, duracion=2)
Citas(citaId=null, medicoId=75, pacienteId=75, fecha=30/11/2023, hora=09:00, duracion=2)
Citas(citaId=null, medicoId=76, pacienteId=76, fecha=30/11/2023, hora=09:00, duracion=2)
Citas(citaId=null, medicoId=77, pacienteId=77, fecha=30/11/2023, hora=09:00, duracion=2)
Citas(citaId=null, medicoId=78, pacienteId=78, fecha=30/11/2023, hora=09:00, duracion=2)
Citas(citaId=null, medicoId=79, pacienteId=79, fecha=30/11/2023, hora=09:00, duracion=2)
Citas(citaId=null, medicoId=80, pacienteId=80, fecha=30/11/2023, hora=09:00, duracion=2)
Citas(citaId=null, medicoId=81, pacienteId=81, fecha=30/11/2023, hora=09:00, duracion=2)
Citas(citaId=null, medicoId=82, pacienteId=82, fecha=30/11/2023, hora=09:00, duracion=2)
Citas(citaId=null, medicoId=83, pacienteId=83, fecha=30/11/2023, hora=09:00, duracion=2)
Citas(citaId=null, medicoId=84, pacienteId=84, fecha=30/11/2023, hora=09:00, duracion=2)
Citas(citaId=null, medicoId=85, pacienteId=85, fecha=30/11/2023, hora=09:00, duracion=2)
Citas(citaId=null, medicoId=86, pacienteId=86, fecha=30/11/2023, hora=09:00, duracion=2)
Citas(citaId=null, medicoId=87, pacienteId=87, fecha=30/11/2023, hora=09:00, duracion=2)
Citas(citaId=null, medicoId=88, pacienteId=88, fecha=30/11/2023, hora=09:00, duracion=2)
Citas(citaId=null, medicoId=89, pacienteId=89, fecha=30/11/2023, hora=09:00, duracion=2)
Citas(citaId=null, medicoId=90, pacienteId=90, fecha=30/11/2023, hora=09:00, duracion=2)
Citas(citaId=null, medicoId=91, pacienteId=91, fecha=30/11/2023, hora=09:00, duracion=2)
Citas(citaId=null, medicoId=92, pacienteId=92, fecha=30/11/2023, hora=09:00, duracion=2)
Citas(citaId=null, medicoId=93, pacienteId=93, fecha=30/11/2023, hora=09:00, duracion=2)
Citas(citaId=null, medicoId=94, pacienteId=94, fecha=30/11/2023, hora=09:00, duracion=2)
Citas(citaId=null, medicoId=95, pacienteId=95, fecha=30/11/2023, hora=09:00, duracion=2)
Citas(citaId=null, medicoId=96, pacienteId=96, fecha=30/11/2023, hora=09:00, duracion=2)
Citas(citaId=null, medicoId=97, pacienteId=97, fecha=30/11/2023, hora=09:00, duracion=2)
Citas(citaId=null, medicoId=98, pacienteId=98, fecha=30/11/2023, hora=09:00, duracion=2)
Citas(citaId=null, medicoId=99, pacienteId=99, fecha=30/11/2023, hora=09:00, duracion=2)
Citas(citaId=null, medicoId=100, pacienteId=100, fecha=30/11/2023, hora=09:00, duracion=2)
Citas(citaId=null, medicoId=101, pacienteId=101, fecha=30/11/2023, hora=09:00, duracion=2)
Citas(citaId=null, medicoId=102, pacienteId=102, fecha=30/11/2023, hora=09:00, duracion=2)
Citas(citaId=null, medicoId=103, pacienteId=103, fecha=30/11/2023, hora=09:00, duracion=2)
Citas(citaId=null, medicoId=104, pacienteId=104, fecha=30/11/2023, hora=09:00, duracion=2)
Citas(citaId=null, medicoId=105, pacienteId=105, fecha=30/11/2023, hora=09:00, duracion=2)
Citas(citaId=null, medicoId=106, pacienteId=106, fecha=30/11/2023, hora=09:00, duracion=2)
Citas(citaId=null, medicoId=107, pacienteId=107, fecha=30/11/2023, hora=09:00, duracion=2)
Citas(citaId=null, medicoId=108, pacienteId=108, fecha=30/11/2023, hora=09:00, duracion=2)
Citas(citaId=null, medicoId=109, pacienteId=109, fecha=30/11/2023, hora=09:00, duracion=2)
Citas(citaId=null, medicoId=110, pacienteId=110, fecha=30/11/2023, hora=09:00, duracion=2)
Citas(citaId=null, medicoId=111, pacienteId=111, fecha=30/11/2023, hora=09:00, duracion=3)
Citas(citaId=null, medicoId=112, pacienteId=112, fecha=30/11/2023, hora=09:00, duracion=3)
Citas(citaId=null, medicoId=113, pacienteId=113, fecha=30/11/2023, hora=09:00, duracion=3)
Citas(citaId=null, medicoId=114, pacienteId=114, fecha=30/11/2023, hora=09:00, duracion=3)
Citas(citaId=null, medicoId=115, pacienteId=115, fecha=30/11/2023, hora=09:00, duracion=3)
Citas(citaId=null, medicoId=116, pacienteId=116, fecha=30/11/2023, hora=09:00, duracion=3)
Citas(citaId=null, medicoId=117, pacienteId=117, fecha=30/11/2023, hora=09:00, duracion=3)
Citas(citaId=null, medicoId=118, pacienteId=118, fecha=30/11/2023, hora=09:00, duracion=3)
Citas(citaId=null, medicoId=119, pacienteId=119, fecha=30/11/2023, hora=09:00, duracion=3)
Citas(citaId=null, medicoId=120, pacienteId=120, fecha=30/11/2023, hora=09:00, duracion=3)
Citas(citaId=null, medicoId=121, pacienteId=121, fecha=30/11/2023, hora=09:00, duracion=3)
Citas(citaId=null, medicoId=122, pacienteId=122, fecha=30/11/2023, hora=09:00, duracion=3)
Citas(citaId=null, medicoId=123, pacienteId=123, fecha=30/11/2023, hora=09:00, duracion=3)
Citas(citaId=null, medicoId=124, pacienteId=124, fecha=30/11/2023, hora=09:00, duracion=3)
Citas(citaId=null, medicoId=125, pacienteId=125, fecha=30/11/2023, hora=09:00, duracion=3)
Citas(citaId=null, medicoId=126, pacienteId=126, fecha=30/11/2023, hora=09:00, duracion=3)
Citas(citaId=null, medicoId=127, pacienteId=127, fecha=30/11/2023, hora=09:00, duracion=3)
Citas(citaId=null, medicoId=128, pacienteId=128, fecha=30/11/2023, hora=09:00, duracion=3)
Citas(citaId=null, medicoId=129, pacienteId=129, fecha=30/11/2023, hora=09:00, duracion=3)
Citas(citaId=null, medicoId=130, pacienteId=130, fecha=30/11/2023, hora=09:00, duracion=3)
Citas(citaId=null, medicoId=131, pacienteId=131, fecha=30/11/2023, hora=09:00, duracion=3)
Citas(citaId=null, medicoId=132, pacienteId=132, fecha=30/11/2023, hora=09:00, duracion=3)
Citas(citaId=null, medicoId=133, pacienteId=133, fecha=30/11/2023, hora=09:00, duracion=3)
Citas(citaId=null, medicoId=134, pacienteId=134, fecha=30/11/2023, hora=09:00, duracion=3)
Citas(citaId=null, medicoId=135, pacienteId=135, fecha=30/11/2023, hora=09:00, duracion=3)
Citas(citaId=null, medicoId=136, pacienteId=136, fecha=30/11/2023, hora=09:00, duracion=3)
Citas(citaId=null, medicoId=137, pacienteId=137, fecha=30/11/2023, hora=09:00, duracion=3)
Citas(citaId=null, medicoId=138, pacienteId=138, fecha=30/11/2023, hora=09:00, duracion=3)
Citas(citaId=null, medicoId=139, pacienteId=139, fecha=30/11/2023, hora=09:00, duracion=3)
Citas(citaId=null, medicoId=140, pacienteId=140, fecha=30/11/2023, hora=09:00, duracion=3)
Citas(citaId=null, medicoId=141, pacienteId=141, fecha=30/11/2023, hora=09:00, duracion=3)
Citas(citaId=null, medicoId=142, pacienteId=142, fecha=30/11/2023, hora=09:00, duracion=3)
Citas(citaId=null, medicoId=143, pacienteId=143, fecha=30/11/2023, hora=09:00, duracion=3)
Citas(citaId=null, medicoId=144, pacienteId=144, fecha=30/11/2023, hora=09:00, duracion=3)
Citas(citaId=null, medicoId=145, pacienteId=145, fecha=30/11/2023, hora=09:00, duracion=3)
Citas(citaId=null, medicoId=146, pacienteId=146, fecha=30/11/2023, hora=09:00, duracion=3)
Citas(citaId=null, medicoId=147, pacienteId=147, fecha=30/11/2023, hora=09:00, duracion=3)
Citas(citaId=null, medicoId=148, pacienteId=148, fecha=30/11/2023, hora=09:00, duracion=3)
Citas(citaId=null, medicoId=149, pacienteId=149, fecha=30/11/2023, hora=09:00, duracion=3)
Citas(citaId=null, medicoId=150, pacienteId=150, fecha=30/11/2023, hora=09:00, duracion=3)
Citas(citaId=null, medicoId=151, pacienteId=151, fecha=30/11/2023, hora=09:00, duracion=3)
Citas(citaId=null, medicoId=152, pacienteId=152, fecha=30/11/2023, hora=09:00, duracion=3)
Citas(citaId=null, medicoId=153, pacienteId=153, fecha=30/11/2023, hora=09:00, duracion=3)
Citas(citaId=null, medicoId=154, pacienteId=154, fecha=30/11/2023, hora=09:00, duracion=3)
Citas(citaId=null, medicoId=155, pacienteId=155, fecha=30/11/2023, hora=09:00, duracion=3)
Citas(citaId=null, medicoId=156, pacienteId=156, fecha=30/11/2023, hora=09:00, duracion=3)
Citas(citaId=null, medicoId=157, pacienteId=157, fecha=30/11/2023, hora=09:00, duracion=3)
Citas(citaId=null, medicoId=158, pacienteId=158, fecha=30/11/2023, hora=09:00, duracion=3)
Citas(citaId=null, medicoId=159, pacienteId=159, fecha=30/11/2023, hora=09:00, duracion=3)
Citas(citaId=null, medicoId=160, pacienteId=160, fecha=30/11/2023, hora=09:00, duracion=3)
Citas(citaId=null, medicoId=161, pacienteId=161, fecha=30/11/2023, hora=09:00, duracion=3)
Citas(citaId=null, medicoId=162, pacienteId=162, fecha=30/11/2023, hora=09:00, duracion=3)
Citas(citaId=null, medicoId=163, pacienteId=163, fecha=30/11/2023, hora=09:00, duracion=3)
Citas(citaId=null, medicoId=164, pacienteId=164, fecha=30/11/2023, hora=09:00, duracion=3)
Citas(citaId=null, medicoId=165, pacienteId=165, fecha=30/11/2023, hora=09:00, duracion=3)
Citas(citaId=null, medicoId=166, pacienteId=166, fecha=30/11/2023, hora=09:00, duracion=4)
Citas(citaId=null, medicoId=167, pacienteId=167, fecha=30/11/2023, hora=09:00, duracion=4)
Citas(citaId=null, medicoId=168, pacienteId=168, fecha=30/11/2023, hora=09:00, duracion=4)
Citas(citaId=null, medicoId=169, pacienteId=169, fecha=30/11/2023, hora=09:00, duracion=4)
Citas(citaId=null, medicoId=170, pacienteId=170, fecha=30/11/2023, hora=09:00, duracion=4)
Citas(citaId=null, medicoId=171, pacienteId=171, fecha=30/11/2023, hora=09:00, duracion=4)
Citas(citaId=null, medicoId=172, pacienteId=172, fecha=30/11/2023, hora=09:00, duracion=4)
Citas(citaId=null, medicoId=173, pacienteId=173, fecha=30/11/2023, hora=09:00, duracion=4)
Citas(citaId=null, medicoId=174, pacienteId=174, fecha=30/11/2023, hora=09:00, duracion=4)
Citas(citaId=null, medicoId=175, pacienteId=175, fecha=30/11/2023, hora=09:00, duracion=4)
Citas(citaId=null, medicoId=176, pacienteId=176, fecha=30/11/2023, hora=09:00, duracion=4)
Citas(citaId=null, medicoId=177, pacienteId=177, fecha=30/11/2023, hora=09:00, duracion=4)
Citas(citaId=null, medicoId=178, pacienteId=178, fecha=30/11/2023, hora=09:00, duracion=4)
Citas(citaId=null, medicoId=179, pacienteId=179, fecha=30/11/2023, hora=09:00, duracion=4)
Citas(citaId=null, medicoId=180, pacienteId=180, fecha=30/11/2023, hora=09:00, duracion=4)
Citas(citaId=null, medicoId=181, pacienteId=181, fecha=30/11/2023, hora=09:00, duracion=4)
Citas(citaId=null, medicoId=182, pacienteId=182, fecha=30/11/2023, hora=09:00, duracion=4)
Citas(citaId=null, medicoId=183, pacienteId=183, fecha=30/11/2023, hora=09:00, duracion=4)
Citas(citaId=null, medicoId=184, pacienteId=184, fecha=30/11/2023, hora=09:00, duracion=4)
Citas(citaId=null, medicoId=185, pacienteId=185, fecha=30/11/2023, hora=09:00, duracion=4)
Citas(citaId=null, medicoId=186, pacienteId=186, fecha=30/11/2023, hora=09:00, duracion=4)
Citas(citaId=null, medicoId=187, pacienteId=187, fecha=30/11/2023, hora=09:00, duracion=4)
Citas(citaId=null, medicoId=188, pacienteId=188, fecha=30/11/2023, hora=09:00, duracion=4)
Citas(citaId=null, medicoId=189, pacienteId=189, fecha=30/11/2023, hora=09:00, duracion=4)
Citas(citaId=null, medicoId=190, pacienteId=190, fecha=30/11/2023, hora=09:00, duracion=4)
Citas(citaId=null, medicoId=191, pacienteId=191, fecha=30/11/2023, hora=09:00, duracion=4)
Citas(citaId=null, medicoId=192, pacienteId=192, fecha=30/11/2023, hora=09:00, duracion=4)
Citas(citaId=null, medicoId=193, pacienteId=193, fecha=30/11/2023, hora=09:00, duracion=4)
Citas(citaId=null, medicoId=194, pacienteId=194, fecha=30/11/2023, hora=09:00, duracion=4)
Citas(citaId=null, medicoId=195, pacienteId=195, fecha=30/11/2023, hora=09:00, duracion=4)
Citas(citaId=null, medicoId=196, pacienteId=196, fecha=30/11/2023, hora=09:00, duracion=4)
Citas(citaId=null, medicoId=197, pacienteId=197, fecha=30/11/2023, hora=09:00, duracion=4)
Citas(citaId=null, medicoId=198, pacienteId=198, fecha=30/11/2023, hora=09:00, duracion=4)
Citas(citaId=null, medicoId=199, pacienteId=199, fecha=30/11/2023, hora=09:00, duracion=4)
Citas(citaId=null, medicoId=200, pacienteId=200, fecha=30/11/2023, hora=09:00, duracion=4)
Citas(citaId=null, medicoId=201, pacienteId=201, fecha=30/11/2023, hora=09:00, duracion=4)
Citas(citaId=null, medicoId=202, pacienteId=202, fecha=30/11/2023, hora=09:00, duracion=4)
[...]

   Neo4jDataAutoConfiguration:
      Did not match:
         - @ConditionalOnClass did not find required class 'org.neo4j.driver.Driver' (OnClassCondition)

   Neo4jReactiveDataAutoConfiguration:
      Did not match:
         - @ConditionalOnClass did not find required class 'org.neo4j.driver.Driver' (OnClassCondition)

   Neo4jReactiveRepositoriesAutoConfiguration:
      Did not match:
         - @ConditionalOnClass did not find required class 'org.neo4j.driver.Driver' (OnClassCondition)

   Neo4jRepositoriesAutoConfiguration:
      Did not match:
         - @ConditionalOnClass did not find required class 'org.neo4j.driver.Driver' (OnClassCondition)

   NettyAutoConfiguration:
      Did not match:
         - @ConditionalOnClass did not find required class 'io.netty.util.NettyRuntime' (OnClassCondition)

   OAuth2AuthorizationServerAutoConfiguration:
      Did not match:
         - @ConditionalOnClass did not find required class 'org.springframework.security.oauth2.server.authorization.OAuth2Authorization' (OnClassCondition)

   OAuth2AuthorizationServerJwtAutoConfiguration:
      Did not match:
         - @ConditionalOnClass did not find required class 'org.springframework.security.oauth2.server.authorization.OAuth2Authorization' (OnClassCondition)

   OAuth2ClientAutoConfiguration:
      Did not match:
         - @ConditionalOnClass did not find required class 'org.springframework.security.config.annotation.web.configuration.EnableWebSecurity' (OnClassCondition)

   OAuth2ResourceServerAutoConfiguration:
      Did not match:
         - @ConditionalOnClass did not find required class 'org.springframework.security.oauth2.server.resource.authentication.BearerTokenAuthenticationToken' (OnClassCondition)

   ProjectInfoAutoConfiguration#buildProperties:
      Did not match:
         - @ConditionalOnResource did not find resource '${spring.info.build.location:classpath:META-INF/build-info.properties}' (OnResourceCondition)

   ProjectInfoAutoConfiguration#gitProperties:
      Did not match:
         - GitResource did not find git info at classpath:git.properties (ProjectInfoAutoConfiguration.GitResourceAvailableCondition)

   QuartzAutoConfiguration:
      Did not match:
         - @ConditionalOnClass did not find required class 'org.quartz.Scheduler' (OnClassCondition)

   R2dbcAutoConfiguration:
      Did not match:
         - @ConditionalOnClass did not find required class 'io.r2dbc.spi.ConnectionFactory' (OnClassCondition)

   R2dbcDataAutoConfiguration:
      Did not match:
         - @ConditionalOnClass did not find required class 'org.springframework.data.r2dbc.core.R2dbcEntityTemplate' (OnClassCondition)

   R2dbcInitializationConfiguration:
      Did not match:
         - @ConditionalOnClass did not find required classes 'io.r2dbc.spi.ConnectionFactory', 'org.springframework.r2dbc.connection.init.DatabasePopulator' (OnClassCondition)

   R2dbcRepositoriesAutoConfiguration:
      Did not match:
         - @ConditionalOnClass did not find required class 'io.r2dbc.spi.ConnectionFactory' (OnClassCondition)

   R2dbcTransactionManagerAutoConfiguration:
      Did not match:
         - @ConditionalOnClass did not find required class 'org.springframework.r2dbc.connection.R2dbcTransactionManager' (OnClassCondition)

   RSocketGraphQlClientAutoConfiguration:
      Did not match:
         - @ConditionalOnClass did not find required class 'graphql.GraphQL' (OnClassCondition)

   RSocketMessagingAutoConfiguration:
      Did not match:
         - @ConditionalOnClass did not find required class 'io.rsocket.RSocket' (OnClassCondition)

   RSocketRequesterAutoConfiguration:
      Did not match:
         - @ConditionalOnClass did not find required class 'io.rsocket.RSocket' (OnClassCondition)

   RSocketSecurityAutoConfiguration:
      Did not match:
         - @ConditionalOnClass did not find required class 'org.springframework.security.rsocket.core.SecuritySocketAcceptorInterceptor' (OnClassCondition)

   RSocketServerAutoConfiguration:
      Did not match:
         - @ConditionalOnClass did not find required class 'io.rsocket.core.RSocketServer' (OnClassCondition)

   RSocketStrategiesAutoConfiguration:
      Did not match:
         - @ConditionalOnClass did not find required class 'io.netty.buffer.PooledByteBufAllocator' (OnClassCondition)

   RabbitAutoConfiguration:
      Did not match:
         - @ConditionalOnClass did not find required class 'com.rabbitmq.client.Channel' (OnClassCondition)

   ReactiveElasticsearchClientAutoConfiguration:
      Did not match:
         - @ConditionalOnClass did not find required class 'co.elastic.clients.transport.ElasticsearchTransport' (OnClassCondition)

   ReactiveElasticsearchRepositoriesAutoConfiguration:
      Did not match:
         - @ConditionalOnClass did not find required class 'org.springframework.data.elasticsearch.client.elc.ReactiveElasticsearchClient' (OnClassCondition)

   ReactiveMultipartAutoConfiguration:
      Did not match:
         - @ConditionalOnClass did not find required class 'org.springframework.web.reactive.config.WebFluxConfigurer' (OnClassCondition)

   ReactiveOAuth2ClientAutoConfiguration:
      Did not match:
         - @ConditionalOnClass did not find required class 'reactor.core.publisher.Flux' (OnClassCondition)

   ReactiveOAuth2ResourceServerAutoConfiguration:
      Did not match:
         - @ConditionalOnClass did not find required class 'org.springframework.security.config.annotation.web.reactive.EnableWebFluxSecurity' (OnClassCondition)

   ReactiveSecurityAutoConfiguration:
      Did not match:
         - @ConditionalOnClass did not find required class 'reactor.core.publisher.Flux' (OnClassCondition)

   ReactiveUserDetailsServiceAutoConfiguration:
      Did not match:
         - @ConditionalOnClass did not find required class 'org.springframework.security.authentication.ReactiveAuthenticationManager' (OnClassCondition)

   ReactiveWebServerFactoryAutoConfiguration:
      Did not match:
         - @ConditionalOnWebApplication did not find reactive web application classes (OnWebApplicationCondition)

   RedisAutoConfiguration:
      Did not match:
         - @ConditionalOnClass did not find required class 'org.springframework.data.redis.core.RedisOperations' (OnClassCondition)

   RedisCacheConfiguration:
      Did not match:
         - @ConditionalOnClass did not find required class 'org.springframework.data.redis.connection.RedisConnectionFactory' (OnClassCondition)

   RedisReactiveAutoConfiguration:
      Did not match:
         - @ConditionalOnClass did not find required class 'reactor.core.publisher.Flux' (OnClassCondition)

   RedisRepositoriesAutoConfiguration:
      Did not match:
         - @ConditionalOnClass did not find required class 'org.springframework.data.redis.repository.configuration.EnableRedisRepositories' (OnClassCondition)

   Saml2RelyingPartyAutoConfiguration:
      Did not match:
         - @ConditionalOnClass did not find required class 'org.springframework.security.saml2.provider.service.registration.RelyingPartyRegistrationRepository' (OnClassCondition)

   SecurityAutoConfiguration:
      Did not match:
         - @ConditionalOnClass did not find required class 'org.springframework.security.authentication.DefaultAuthenticationEventPublisher' (OnClassCondition)

   SecurityFilterAutoConfiguration:
      Did not match:
         - @ConditionalOnClass did not find required class 'org.springframework.security.config.http.SessionCreationPolicy' (OnClassCondition)

   SendGridAutoConfiguration:
      Did not match:
         - @ConditionalOnClass did not find required class 'com.sendgrid.SendGrid' (OnClassCondition)

   ServletWebServerFactoryAutoConfiguration.ForwardedHeaderFilterConfiguration:
      Did not match:
         - @ConditionalOnProperty (server.forward-headers-strategy=framework) did not find property 'server.forward-headers-strategy' (OnPropertyCondition)

   ServletWebServerFactoryConfiguration.EmbeddedJetty:
      Did not match:
         - @ConditionalOnClass did not find required classes 'org.eclipse.jetty.server.Server', 'org.eclipse.jetty.util.Loader', 'org.eclipse.jetty.webapp.WebAppContext' (OnClassCondition)

   ServletWebServerFactoryConfiguration.EmbeddedUndertow:
      Did not match:
         - @ConditionalOnClass did not find required classes 'io.undertow.Undertow', 'org.xnio.SslClientAuthMode' (OnClassCondition)

   SessionAutoConfiguration:
      Did not match:
         - @ConditionalOnClass did not find required class 'org.springframework.session.Session' (OnClassCondition)

   SpringApplicationAdminJmxAutoConfiguration:
      Did not match:
         - @ConditionalOnProperty (spring.application.admin.enabled=true) did not find property 'enabled' (OnPropertyCondition)

   SpringDataWebAutoConfiguration:
      Did not match:
         - @ConditionalOnMissingBean (types: org.springframework.data.web.PageableHandlerMethodArgumentResolver; SearchStrategy: all) found beans of type 'org.springframework.data.web.PageableHandlerMethodArgumentResolver' pageableResolver (OnBeanCondition)
      Matched:
         - @ConditionalOnClass found required classes 'org.springframework.data.web.PageableHandlerMethodArgumentResolver', 'org.springframework.web.servlet.config.annotation.WebMvcConfigurer' (OnClassCondition)
         - found 'session' scope (OnWebApplicationCondition)

   TaskSchedulingAutoConfiguration#scheduledBeanLazyInitializationExcludeFilter:
      Did not match:
         - @ConditionalOnBean (names: org.springframework.context.annotation.internalScheduledAnnotationProcessor; SearchStrategy: all) did not find any beans named org.springframework.context.annotation.internalScheduledAnnotationProcessor (OnBeanCondition)

   TaskSchedulingAutoConfiguration#taskScheduler:
      Did not match:
         - @ConditionalOnBean (names: org.springframework.context.annotation.internalScheduledAnnotationProcessor; SearchStrategy: all) did not find any beans named org.springframework.context.annotation.internalScheduledAnnotationProcessor (OnBeanCondition)

   ThymeleafAutoConfiguration:
      Did not match:
         - @ConditionalOnClass did not find required class 'org.thymeleaf.spring6.SpringTemplateEngine' (OnClassCondition)

   TransactionAutoConfiguration#transactionalOperator:
      Did not match:
         - @ConditionalOnSingleCandidate (types: org.springframework.transaction.ReactiveTransactionManager; SearchStrategy: all) did not find any beans (OnBeanCondition)

   TransactionAutoConfiguration.EnableTransactionManagementConfiguration.JdkDynamicAutoProxyConfiguration:
      Did not match:
         - @ConditionalOnProperty (spring.aop.proxy-target-class=false) did not find property 'proxy-target-class' (OnPropertyCondition)

   UserDetailsServiceAutoConfiguration:
      Did not match:
         - @ConditionalOnClass did not find required class 'org.springframework.security.authentication.AuthenticationManager' (OnClassCondition)

   ValidationAutoConfiguration:
      Did not match:
         - @ConditionalOnClass did not find required class 'jakarta.validation.executable.ExecutableValidator' (OnClassCondition)

   WebClientAutoConfiguration:
      Did not match:
         - @ConditionalOnClass did not find required class 'org.springframework.web.reactive.function.client.WebClient' (OnClassCondition)

   WebFluxAutoConfiguration:
      Did not match:
         - @ConditionalOnClass did not find required class 'org.springframework.web.reactive.config.WebFluxConfigurer' (OnClassCondition)

   WebMvcAutoConfiguration#hiddenHttpMethodFilter:
      Did not match:
         - @ConditionalOnProperty (spring.mvc.hiddenmethod.filter.enabled) did not find property 'enabled' (OnPropertyCondition)

   WebMvcAutoConfiguration.ProblemDetailsErrorHandlingConfiguration:
      Did not match:
         - @ConditionalOnProperty (spring.mvc.problemdetails.enabled=true) did not find property 'enabled' (OnPropertyCondition)

   WebMvcAutoConfiguration.ResourceChainCustomizerConfiguration:
      Did not match:
         - @ConditionalOnEnabledResourceChain did not find class org.webjars.WebJarAssetLocator (OnEnabledResourceChainCondition)

   WebMvcAutoConfiguration.WebMvcAutoConfigurationAdapter#beanNameViewResolver:
      Did not match:
         - @ConditionalOnMissingBean (types: org.springframework.web.servlet.view.BeanNameViewResolver; SearchStrategy: all) found beans of type 'org.springframework.web.servlet.view.BeanNameViewResolver' beanNameViewResolver (OnBeanCondition)

   WebServiceTemplateAutoConfiguration:
      Did not match:
         - @ConditionalOnClass did not find required class 'org.springframework.oxm.Marshaller' (OnClassCondition)

   WebServicesAutoConfiguration:
      Did not match:
         - @ConditionalOnClass did not find required class 'org.springframework.ws.transport.http.MessageDispatcherServlet' (OnClassCondition)

   WebSessionIdResolverAutoConfiguration:
      Did not match:
         - @ConditionalOnClass did not find required class 'reactor.core.publisher.Mono' (OnClassCondition)

   WebSocketMessagingAutoConfiguration:
      Did not match:
         - @ConditionalOnClass did not find required class 'org.springframework.web.socket.config.annotation.WebSocketMessageBrokerConfigurer' (OnClassCondition)

   WebSocketReactiveAutoConfiguration:
      Did not match:
         - @ConditionalOnWebApplication did not find reactive web application classes (OnWebApplicationCondition)

   WebSocketServletAutoConfiguration.JettyWebSocketConfiguration:
      Did not match:
         - @ConditionalOnClass did not find required class 'org.eclipse.jetty.websocket.jakarta.server.config.JakartaWebSocketServletContainerInitializer' (OnClassCondition)

   WebSocketServletAutoConfiguration.UndertowWebSocketConfiguration:
      Did not match:
         - @ConditionalOnClass did not find required class 'io.undertow.websockets.jsr.Bootstrap' (OnClassCondition)

   XADataSourceAutoConfiguration:
      Did not match:
         - @ConditionalOnBean (types: org.springframework.boot.jdbc.XADataSourceWrapper; SearchStrategy: all) did not find any beans of type org.springframework.boot.jdbc.XADataSourceWrapper (OnBeanCondition)
      Matched:
         - @ConditionalOnClass found required classes 'javax.sql.DataSource', 'jakarta.transaction.TransactionManager', 'org.springframework.jdbc.datasource.embedded.EmbeddedDatabaseType' (OnClassCondition)


Exclusions:
-----------

    None


Unconditional classes:
----------------------

    org.springframework.boot.autoconfigure.context.ConfigurationPropertiesAutoConfiguration

    org.springframework.boot.autoconfigure.ssl.SslAutoConfiguration

    org.springframework.boot.autoconfigure.context.LifecycleAutoConfiguration

    org.springframework.boot.autoconfigure.context.PropertyPlaceholderAutoConfiguration

    org.springframework.boot.autoconfigure.availability.ApplicationAvailabilityAutoConfiguration

    org.springframework.boot.autoconfigure.info.ProjectInfoAutoConfiguration



2023-09-26T00:31:54.648-05:00  INFO 33180 --- [           main] com.example.demo.DemoApplicationTests    : Started DemoApplicationTests in 3.88 seconds (process running for 4.626)
2023-09-26T00:31:54.652-05:00 DEBUG 33180 --- [           main] o.s.b.a.ApplicationAvailabilityBean      : Application availability state LivenessState changed to CORRECT
2023-09-26T00:31:54.654-05:00 DEBUG 33180 --- [           main] o.s.b.a.ApplicationAvailabilityBean      : Application availability state ReadinessState changed to ACCEPTING_TRAFFIC
2023-09-26T00:31:54.661-05:00 DEBUG 33180 --- [           main] org.springframework.test.context.cache   : Spring test ApplicationContext cache statistics: [DefaultContextCache@45cddfd3 size = 1, maxSize = 32, parentContextCount = 0, hitCount = 0, missCount = 1]
2023-09-26T00:31:54.662-05:00 DEBUG 33180 --- [           main] o.s.t.c.w.ServletTestExecutionListener   : Setting up MockHttpServletRequest, MockHttpServletResponse, ServletWebRequest, and RequestContextHolder for test class com.example.demo.DemoApplicationTests
2023-09-26T00:31:54.681-05:00 DEBUG 33180 --- [           main] DependencyInjectionTestExecutionListener : Performing dependency injection for test class com.example.demo.DemoApplicationTests
2023-09-26T00:31:54.681-05:00 DEBUG 33180 --- [           main] org.springframework.test.context.cache   : Spring test ApplicationContext cache statistics: [DefaultContextCache@45cddfd3 size = 1, maxSize = 32, parentContextCount = 0, hitCount = 1, missCount = 1]
2023-09-26T00:31:54.682-05:00 DEBUG 33180 --- [           main] org.springframework.test.context.cache   : Spring test ApplicationContext cache statistics: [DefaultContextCache@45cddfd3 size = 1, maxSize = 32, parentContextCount = 0, hitCount = 2, missCount = 1]
2023-09-26T00:31:54.692-05:00 DEBUG 33180 --- [           main] sContextBeforeModesTestExecutionListener : Before test method: class [DemoApplicationTests], method [contextLoads], class annotated with @DirtiesContext [false] with mode [null], method annotated with @DirtiesContext [false] with mode [null]
2023-09-26T00:31:54.695-05:00 DEBUG 33180 --- [           main] org.springframework.test.context.cache   : Spring test ApplicationContext cache statistics: [DefaultContextCache@45cddfd3 size = 1, maxSize = 32, parentContextCount = 0, hitCount = 3, missCount = 1]
2023-09-26T00:31:54.695-05:00 DEBUG 33180 --- [           main] org.springframework.test.context.cache   : Spring test ApplicationContext cache statistics: [DefaultContextCache@45cddfd3 size = 1, maxSize = 32, parentContextCount = 0, hitCount = 4, missCount = 1]
2023-09-26T00:31:55.018-05:00 DEBUG 33180 --- [           main] org.springframework.test.context.cache   : Spring test ApplicationContext cache statistics: [DefaultContextCache@45cddfd3 size = 1, maxSize = 32, parentContextCount = 0, hitCount = 5, missCount = 1]
2023-09-26T00:31:55.021-05:00 DEBUG 33180 --- [           main] org.springframework.test.context.cache   : Spring test ApplicationContext cache statistics: [DefaultContextCache@45cddfd3 size = 1, maxSize = 32, parentContextCount = 0, hitCount = 6, missCount = 1]
2023-09-26T00:31:55.021-05:00 DEBUG 33180 --- [           main] org.springframework.test.context.cache   : Spring test ApplicationContext cache statistics: [DefaultContextCache@45cddfd3 size = 1, maxSize = 32, parentContextCount = 0, hitCount = 7, missCount = 1]
2023-09-26T00:31:55.021-05:00 DEBUG 33180 --- [           main] org.springframework.test.context.cache   : Spring test ApplicationContext cache statistics: [DefaultContextCache@45cddfd3 size = 1, maxSize = 32, parentContextCount = 0, hitCount = 8, missCount = 1]
2023-09-26T00:31:55.022-05:00 DEBUG 33180 --- [           main] org.springframework.test.context.cache   : Spring test ApplicationContext cache statistics: [DefaultContextCache@45cddfd3 size = 1, maxSize = 32, parentContextCount = 0, hitCount = 9, missCount = 1]
2023-09-26T00:31:55.022-05:00 DEBUG 33180 --- [           main] org.springframework.test.context.cache   : Spring test ApplicationContext cache statistics: [DefaultContextCache@45cddfd3 size = 1, maxSize = 32, parentContextCount = 0, hitCount = 10, missCount = 1]
2023-09-26T00:31:55.023-05:00 DEBUG 33180 --- [           main] org.springframework.test.context.cache   : Spring test ApplicationContext cache statistics: [DefaultContextCache@45cddfd3 size = 1, maxSize = 32, parentContextCount = 0, hitCount = 11, missCount = 1]
2023-09-26T00:31:55.024-05:00 DEBUG 33180 --- [           main] .c.s.DirtiesContextTestExecutionListener : After test method: class [DemoApplicationTests], method [contextLoads], class annotated with @DirtiesContext [false] with mode [null], method annotated with @DirtiesContext [false] with mode [null]
2023-09-26T00:31:55.024-05:00 DEBUG 33180 --- [           main] o.s.t.c.w.ServletTestExecutionListener   : Resetting RequestContextHolder for test class com.example.demo.DemoApplicationTests
]]></system-out>
  </testcase>
</testsuite>